0 ; 1 ; 27600 ; 140615712265984 ; 3 ; -1 ; IWANT
0 ; 1 ; 27600 ; 140615712265984 ; 3 ; 0 ; IAMIN
0 ; 2 ; 27600 ; 140615703873280 ; 3 ; -1 ; IWANT
0 ; 2 ; 27600 ; 140615703873280 ; 3 ; 1 ; IAMIN
0 ; 3 ; 27600 ; 140615695480576 ; 3 ; -1 ; IWANT
0 ; 3 ; 27600 ; 140615695480576 ; 3 ; 2 ; IAMIN
0 ; 4 ; 27600 ; 140615618656000 ; 5 ; -1 ; IWANT
0 ; 4 ; 27600 ; 140615618656000 ; 5 ; 3 ; IAMIN
0 ; 5 ; 27600 ; 140615610263296 ; 2 ; -1 ; IWANT
0 ; 5 ; 27600 ; 140615610263296 ; 2 ; 4 ; IAMIN
0 ; 6 ; 27600 ; 140615601870592 ; 3 ; -1 ; IWANT
0 ; 7 ; 27600 ; 140615593477888 ; 1 ; -1 ; IWANT
0 ; 8 ; 27600 ; 140615585085184 ; 5 ; -1 ; IWANT
0 ; 9 ; 27600 ; 140615576692480 ; 3 ; -1 ; IWANT
0 ; 10 ; 27600 ; 140615568299776 ; 3 ; -1 ; IWANT
0 ; 11 ; 27600 ; 140615559907072 ; 1 ; -1 ; IWANT
0 ; 12 ; 27600 ; 140615551514368 ; 3 ; -1 ; IWANT
0 ; 13 ; 27600 ; 140615543121664 ; 5 ; -1 ; IWANT
0 ; 14 ; 27600 ; 140615534728960 ; 1 ; -1 ; IWANT
0 ; 15 ; 27600 ; 140615526336256 ; 5 ; -1 ; IWANT
0 ; 17 ; 27600 ; 140615509550848 ; 4 ; -1 ; IWANT
0 ; 16 ; 27600 ; 140615517943552 ; 5 ; -1 ; IWANT
0 ; 18 ; 27600 ; 140615501158144 ; 3 ; -1 ; IWANT
0 ; 19 ; 27600 ; 140615492765440 ; 3 ; -1 ; IWANT
0 ; 20 ; 27600 ; 140615484372736 ; 2 ; -1 ; IWANT
0 ; 21 ; 27600 ; 140615475980032 ; 2 ; -1 ; IWANT
0 ; 22 ; 27600 ; 140615467587328 ; 5 ; -1 ; IWANT
0 ; 23 ; 27600 ; 140615459194624 ; 3 ; -1 ; IWANT
0 ; 24 ; 27600 ; 140615450801920 ; 3 ; -1 ; IWANT
0 ; 25 ; 27600 ; 140615442409216 ; 3 ; -1 ; IWANT
0 ; 26 ; 27600 ; 140615434016512 ; 2 ; -1 ; IWANT
0 ; 27 ; 27600 ; 140615425623808 ; 2 ; -1 ; IWANT
0 ; 28 ; 27600 ; 140615417231104 ; 3 ; -1 ; IWANT
0 ; 29 ; 27600 ; 140615408838400 ; 5 ; -1 ; IWANT
0 ; 30 ; 27600 ; 140615400445696 ; 5 ; -1 ; IWANT
0 ; 31 ; 27600 ; 140615392052992 ; 2 ; -1 ; IWANT
0 ; 32 ; 27600 ; 140615383660288 ; 4 ; -1 ; IWANT
0 ; 33 ; 27600 ; 140615375267584 ; 4 ; -1 ; IWANT
0 ; 34 ; 27600 ; 140615366874880 ; 4 ; -1 ; IWANT
0 ; 35 ; 27600 ; 140615358482176 ; 5 ; -1 ; IWANT
0 ; 36 ; 27600 ; 140615350089472 ; 3 ; -1 ; IWANT
0 ; 37 ; 27600 ; 140615341696768 ; 3 ; -1 ; IWANT
0 ; 38 ; 27600 ; 140615333304064 ; 3 ; -1 ; IWANT
0 ; 39 ; 27600 ; 140615324911360 ; 2 ; -1 ; IWANT
0 ; 40 ; 27600 ; 140615316518656 ; 3 ; -1 ; IWANT
0 ; 41 ; 27600 ; 140615308125952 ; 5 ; -1 ; IWANT
0 ; 42 ; 27600 ; 140615299733248 ; 5 ; -1 ; IWANT
0 ; 43 ; 27600 ; 140615291340544 ; 5 ; -1 ; IWANT
0 ; 44 ; 27600 ; 140615282947840 ; 1 ; -1 ; IWANT
0 ; 45 ; 27600 ; 140615274555136 ; 2 ; -1 ; IWANT
0 ; 46 ; 27600 ; 140615266162432 ; 1 ; -1 ; IWANT
0 ; 47 ; 27600 ; 140615257769728 ; 4 ; -1 ; IWANT
0 ; 48 ; 27600 ; 140615249377024 ; 3 ; -1 ; IWANT
0 ; 49 ; 27600 ; 140615240984320 ; 5 ; -1 ; IWANT
0 ; 50 ; 27600 ; 140615232591616 ; 1 ; -1 ; IWANT
0 ; 51 ; 27600 ; 140615224198912 ; 1 ; -1 ; IWANT
0 ; 52 ; 27600 ; 140615215806208 ; 1 ; -1 ; IWANT
0 ; 53 ; 27600 ; 140615207413504 ; 5 ; -1 ; IWANT
0 ; 54 ; 27600 ; 140615199020800 ; 4 ; -1 ; IWANT
0 ; 55 ; 27600 ; 140615190628096 ; 3 ; -1 ; IWANT
0 ; 56 ; 27600 ; 140615182235392 ; 4 ; -1 ; IWANT
0 ; 57 ; 27600 ; 140615173842688 ; 5 ; -1 ; IWANT
0 ; 58 ; 27600 ; 140615165449984 ; 1 ; -1 ; IWANT
0 ; 59 ; 27600 ; 140615157057280 ; 4 ; -1 ; IWANT
0 ; 60 ; 27600 ; 140615148664576 ; 1 ; -1 ; IWANT
0 ; 61 ; 27600 ; 140615140271872 ; 2 ; -1 ; IWANT
0 ; 62 ; 27600 ; 140615131879168 ; 5 ; -1 ; IWANT
0 ; 63 ; 27600 ; 140615123486464 ; 4 ; -1 ; IWANT
0 ; 64 ; 27600 ; 140615115093760 ; 1 ; -1 ; IWANT
0 ; 65 ; 27600 ; 140615106701056 ; 5 ; -1 ; IWANT
0 ; 66 ; 27600 ; 140615098308352 ; 4 ; -1 ; IWANT
0 ; 67 ; 27600 ; 140615089915648 ; 5 ; -1 ; IWANT
0 ; 68 ; 27600 ; 140615081522944 ; 2 ; -1 ; IWANT
0 ; 69 ; 27600 ; 140615073130240 ; 1 ; -1 ; IWANT
0 ; 70 ; 27600 ; 140615064737536 ; 3 ; -1 ; IWANT
0 ; 71 ; 27600 ; 140615056344832 ; 1 ; -1 ; IWANT
0 ; 72 ; 27600 ; 140615047952128 ; 2 ; -1 ; IWANT
0 ; 73 ; 27600 ; 140615039559424 ; 2 ; -1 ; IWANT
0 ; 74 ; 27600 ; 140615031166720 ; 1 ; -1 ; IWANT
0 ; 75 ; 27600 ; 140615022774016 ; 2 ; -1 ; IWANT
0 ; 76 ; 27600 ; 140615014381312 ; 5 ; -1 ; IWANT
0 ; 77 ; 27600 ; 140615005988608 ; 1 ; -1 ; IWANT
0 ; 78 ; 27600 ; 140614997595904 ; 2 ; -1 ; IWANT
0 ; 79 ; 27600 ; 140614989203200 ; 2 ; -1 ; IWANT
0 ; 80 ; 27600 ; 140614980810496 ; 1 ; -1 ; IWANT
0 ; 81 ; 27600 ; 140614972417792 ; 4 ; -1 ; IWANT
0 ; 82 ; 27600 ; 140614964025088 ; 3 ; -1 ; IWANT
0 ; 83 ; 27600 ; 140614955632384 ; 3 ; -1 ; IWANT
0 ; 84 ; 27600 ; 140614947239680 ; 5 ; -1 ; IWANT
0 ; 85 ; 27600 ; 140614938846976 ; 1 ; -1 ; IWANT
0 ; 86 ; 27600 ; 140614930454272 ; 3 ; -1 ; IWANT
0 ; 87 ; 27600 ; 140614922061568 ; 3 ; -1 ; IWANT
0 ; 6 ; 27600 ; 140615601870592 ; 3 ; 4 ; IAMIN
0 ; 88 ; 27600 ; 140614913668864 ; 2 ; -1 ; IWANT
0 ; 89 ; 27600 ; 140614905276160 ; 3 ; -1 ; IWANT
0 ; 90 ; 27600 ; 140614896883456 ; 1 ; -1 ; IWANT
0 ; 91 ; 27600 ; 140614888490752 ; 3 ; -1 ; IWANT
0 ; 92 ; 27600 ; 140614880098048 ; 5 ; -1 ; IWANT
0 ; 93 ; 27600 ; 140614871705344 ; 2 ; -1 ; IWANT
0 ; 94 ; 27600 ; 140614863312640 ; 1 ; -1 ; IWANT
0 ; 95 ; 27600 ; 140614854919936 ; 2 ; -1 ; IWANT
0 ; 96 ; 27600 ; 140614846527232 ; 1 ; -1 ; IWANT
0 ; 97 ; 27600 ; 140614838134528 ; 1 ; -1 ; IWANT
0 ; 98 ; 27600 ; 140614829741824 ; 1 ; -1 ; IWANT
0 ; 99 ; 27600 ; 140614821349120 ; 3 ; -1 ; IWANT
0 ; 100 ; 27600 ; 140614812956416 ; 3 ; -1 ; IWANT
0 ; 101 ; 27600 ; 140614804563712 ; 5 ; -1 ; IWANT
0 ; 102 ; 27600 ; 140614796171008 ; 3 ; -1 ; IWANT
0 ; 103 ; 27600 ; 140614787778304 ; 4 ; -1 ; IWANT
0 ; 104 ; 27600 ; 140614779385600 ; 4 ; -1 ; IWANT
0 ; 105 ; 27600 ; 140614770992896 ; 5 ; -1 ; IWANT
0 ; 106 ; 27600 ; 140614762600192 ; 2 ; -1 ; IWANT
0 ; 107 ; 27600 ; 140614754207488 ; 3 ; -1 ; IWANT
0 ; 108 ; 27600 ; 140614745814784 ; 3 ; -1 ; IWANT
0 ; 109 ; 27600 ; 140614737422080 ; 5 ; -1 ; IWANT
0 ; 110 ; 27600 ; 140614729029376 ; 5 ; -1 ; IWANT
0 ; 111 ; 27600 ; 140614720636672 ; 3 ; -1 ; IWANT
0 ; 112 ; 27600 ; 140614712243968 ; 3 ; -1 ; IWANT
0 ; 113 ; 27600 ; 140614703851264 ; 4 ; -1 ; IWANT
0 ; 114 ; 27600 ; 140614695458560 ; 2 ; -1 ; IWANT
0 ; 115 ; 27600 ; 140614687065856 ; 2 ; -1 ; IWANT
0 ; 116 ; 27600 ; 140614678673152 ; 1 ; -1 ; IWANT
0 ; 117 ; 27600 ; 140614670280448 ; 4 ; -1 ; IWANT
0 ; 118 ; 27600 ; 140614661887744 ; 5 ; -1 ; IWANT
0 ; 119 ; 27600 ; 140614653495040 ; 2 ; -1 ; IWANT
0 ; 120 ; 27600 ; 140614645102336 ; 2 ; -1 ; IWANT
0 ; 121 ; 27600 ; 140614636709632 ; 2 ; -1 ; IWANT
0 ; 122 ; 27600 ; 140614628316928 ; 4 ; -1 ; IWANT
0 ; 123 ; 27600 ; 140614619924224 ; 1 ; -1 ; IWANT
0 ; 124 ; 27600 ; 140614611531520 ; 4 ; -1 ; IWANT
0 ; 125 ; 27600 ; 140614603138816 ; 5 ; -1 ; IWANT
0 ; 7 ; 27600 ; 140615593477888 ; 1 ; 0 ; IAMIN
0 ; 126 ; 27600 ; 140614594746112 ; 4 ; -1 ; IWANT
0 ; 8 ; 27600 ; 140615585085184 ; 5 ; 1 ; IAMIN
0 ; 127 ; 27600 ; 140614586353408 ; 1 ; -1 ; IWANT
0 ; 9 ; 27600 ; 140615576692480 ; 3 ; 2 ; IAMIN
0 ; 128 ; 27600 ; 140614577960704 ; 2 ; -1 ; IWANT
0 ; 129 ; 27600 ; 140614569568000 ; 1 ; -1 ; IWANT
0 ; 130 ; 27600 ; 140614561175296 ; 5 ; -1 ; IWANT
0 ; 131 ; 27600 ; 140614552782592 ; 5 ; -1 ; IWANT
0 ; 132 ; 27600 ; 140614544389888 ; 5 ; -1 ; IWANT
0 ; 133 ; 27600 ; 140614535997184 ; 5 ; -1 ; IWANT
0 ; 134 ; 27600 ; 140614527604480 ; 5 ; -1 ; IWANT
0 ; 135 ; 27600 ; 140614519211776 ; 3 ; -1 ; IWANT
0 ; 136 ; 27600 ; 140614510819072 ; 4 ; -1 ; IWANT
0 ; 137 ; 27600 ; 140614502426368 ; 4 ; -1 ; IWANT
0 ; 138 ; 27600 ; 140614494033664 ; 1 ; -1 ; IWANT
0 ; 139 ; 27600 ; 140614485640960 ; 1 ; -1 ; IWANT
0 ; 140 ; 27600 ; 140614477248256 ; 3 ; -1 ; IWANT
0 ; 141 ; 27600 ; 140614468855552 ; 2 ; -1 ; IWANT
0 ; 142 ; 27600 ; 140614460462848 ; 5 ; -1 ; IWANT
0 ; 143 ; 27600 ; 140614452070144 ; 3 ; -1 ; IWANT
0 ; 144 ; 27600 ; 140614443677440 ; 2 ; -1 ; IWANT
0 ; 145 ; 27600 ; 140614435284736 ; 2 ; -1 ; IWANT
0 ; 146 ; 27600 ; 140614426892032 ; 4 ; -1 ; IWANT
0 ; 147 ; 27600 ; 140614418499328 ; 2 ; -1 ; IWANT
0 ; 148 ; 27600 ; 140614410106624 ; 5 ; -1 ; IWANT
0 ; 149 ; 27600 ; 140614401713920 ; 5 ; -1 ; IWANT
0 ; 150 ; 27600 ; 140614393321216 ; 3 ; -1 ; IWANT
0 ; 151 ; 27600 ; 140614384928512 ; 3 ; -1 ; IWANT
0 ; 152 ; 27600 ; 140614376535808 ; 4 ; -1 ; IWANT
0 ; 153 ; 27600 ; 140614368143104 ; 4 ; -1 ; IWANT
0 ; 154 ; 27600 ; 140614359750400 ; 5 ; -1 ; IWANT
0 ; 155 ; 27600 ; 140614351357696 ; 4 ; -1 ; IWANT
0 ; 156 ; 27600 ; 140614342964992 ; 5 ; -1 ; IWANT
0 ; 157 ; 27600 ; 140614334572288 ; 3 ; -1 ; IWANT
0 ; 158 ; 27600 ; 140614326179584 ; 4 ; -1 ; IWANT
0 ; 159 ; 27600 ; 140614317786880 ; 1 ; -1 ; IWANT
0 ; 160 ; 27600 ; 140614309394176 ; 3 ; -1 ; IWANT
0 ; 161 ; 27600 ; 140614301001472 ; 4 ; -1 ; IWANT
0 ; 162 ; 27600 ; 140614292608768 ; 2 ; -1 ; IWANT
0 ; 163 ; 27600 ; 140614284216064 ; 3 ; -1 ; IWANT
0 ; 164 ; 27600 ; 140614275823360 ; 3 ; -1 ; IWANT
0 ; 165 ; 27600 ; 140614267430656 ; 4 ; -1 ; IWANT
0 ; 166 ; 27600 ; 140614259037952 ; 2 ; -1 ; IWANT
0 ; 167 ; 27600 ; 140614250645248 ; 1 ; -1 ; IWANT
0 ; 10 ; 27600 ; 140615568299776 ; 3 ; 0 ; IAMIN
0 ; 168 ; 27600 ; 140614242252544 ; 2 ; -1 ; IWANT
0 ; 169 ; 27600 ; 140614233859840 ; 4 ; -1 ; IWANT
0 ; 170 ; 27600 ; 140614225467136 ; 4 ; -1 ; IWANT
0 ; 171 ; 27600 ; 140614217074432 ; 1 ; -1 ; IWANT
0 ; 172 ; 27600 ; 140614208681728 ; 5 ; -1 ; IWANT
0 ; 173 ; 27600 ; 140614200289024 ; 3 ; -1 ; IWANT
0 ; 174 ; 27600 ; 140614191896320 ; 5 ; -1 ; IWANT
0 ; 175 ; 27600 ; 140614183503616 ; 1 ; -1 ; IWANT
0 ; 176 ; 27600 ; 140614175110912 ; 4 ; -1 ; IWANT
0 ; 177 ; 27600 ; 140614166718208 ; 4 ; -1 ; IWANT
0 ; 178 ; 27600 ; 140614158325504 ; 4 ; -1 ; IWANT
0 ; 179 ; 27600 ; 140614149932800 ; 1 ; -1 ; IWANT
0 ; 180 ; 27600 ; 140614141540096 ; 5 ; -1 ; IWANT
0 ; 181 ; 27600 ; 140614133147392 ; 4 ; -1 ; IWANT
0 ; 182 ; 27600 ; 140614124754688 ; 3 ; -1 ; IWANT
0 ; 183 ; 27600 ; 140614116361984 ; 3 ; -1 ; IWANT
0 ; 184 ; 27600 ; 140614107969280 ; 2 ; -1 ; IWANT
0 ; 185 ; 27600 ; 140614099576576 ; 3 ; -1 ; IWANT
0 ; 186 ; 27600 ; 140614091183872 ; 1 ; -1 ; IWANT
0 ; 187 ; 27600 ; 140614082791168 ; 1 ; -1 ; IWANT
0 ; 188 ; 27600 ; 140614074398464 ; 2 ; -1 ; IWANT
0 ; 189 ; 27600 ; 140614066005760 ; 5 ; -1 ; IWANT
0 ; 190 ; 27600 ; 140614057613056 ; 3 ; -1 ; IWANT
0 ; 191 ; 27600 ; 140614049220352 ; 5 ; -1 ; IWANT
0 ; 192 ; 27600 ; 140614040827648 ; 3 ; -1 ; IWANT
0 ; 193 ; 27600 ; 140614032434944 ; 5 ; -1 ; IWANT
0 ; 194 ; 27600 ; 140614024042240 ; 4 ; -1 ; IWANT
0 ; 195 ; 27600 ; 140614015649536 ; 2 ; -1 ; IWANT
0 ; 196 ; 27600 ; 140614007256832 ; 3 ; -1 ; IWANT
0 ; 197 ; 27600 ; 140613998864128 ; 2 ; -1 ; IWANT
0 ; 198 ; 27600 ; 140613990471424 ; 2 ; -1 ; IWANT
0 ; 199 ; 27600 ; 140613982078720 ; 1 ; -1 ; IWANT
0 ; 200 ; 27600 ; 140613973686016 ; 1 ; -1 ; IWANT
0 ; 201 ; 27600 ; 140613965293312 ; 5 ; -1 ; IWANT
0 ; 202 ; 27600 ; 140613956900608 ; 3 ; -1 ; IWANT
0 ; 203 ; 27600 ; 140613948507904 ; 5 ; -1 ; IWANT
0 ; 204 ; 27600 ; 140613940115200 ; 5 ; -1 ; IWANT
0 ; 205 ; 27600 ; 140613931722496 ; 3 ; -1 ; IWANT
0 ; 206 ; 27600 ; 140613923329792 ; 3 ; -1 ; IWANT
0 ; 207 ; 27600 ; 140613914937088 ; 3 ; -1 ; IWANT
0 ; 208 ; 27600 ; 140613906544384 ; 3 ; -1 ; IWANT
0 ; 209 ; 27600 ; 140613898151680 ; 3 ; -1 ; IWANT
0 ; 210 ; 27600 ; 140613889758976 ; 5 ; -1 ; IWANT
0 ; 211 ; 27600 ; 140613881366272 ; 4 ; -1 ; IWANT
0 ; 11 ; 27600 ; 140615559907072 ; 1 ; 3 ; IAMIN
0 ; 212 ; 27600 ; 140613872973568 ; 1 ; -1 ; IWANT
0 ; 213 ; 27600 ; 140613864580864 ; 5 ; -1 ; IWANT
0 ; 12 ; 27600 ; 140615551514368 ; 3 ; 4 ; IAMIN
0 ; 214 ; 27600 ; 140613856188160 ; 4 ; -1 ; IWANT
0 ; 215 ; 27600 ; 140613847795456 ; 2 ; -1 ; IWANT
0 ; 216 ; 27600 ; 140613839402752 ; 4 ; -1 ; IWANT
0 ; 217 ; 27600 ; 140613831010048 ; 4 ; -1 ; IWANT
0 ; 218 ; 27600 ; 140613822617344 ; 4 ; -1 ; IWANT
0 ; 219 ; 27600 ; 140613814224640 ; 5 ; -1 ; IWANT
0 ; 220 ; 27600 ; 140613805831936 ; 5 ; -1 ; IWANT
0 ; 221 ; 27600 ; 140613797439232 ; 2 ; -1 ; IWANT
0 ; 222 ; 27600 ; 140613789046528 ; 1 ; -1 ; IWANT
0 ; 223 ; 27600 ; 140613780653824 ; 4 ; -1 ; IWANT
0 ; 224 ; 27600 ; 140613772261120 ; 3 ; -1 ; IWANT
0 ; 225 ; 27600 ; 140613763868416 ; 1 ; -1 ; IWANT
0 ; 226 ; 27600 ; 140613755475712 ; 5 ; -1 ; IWANT
0 ; 227 ; 27600 ; 140613747083008 ; 2 ; -1 ; IWANT
0 ; 228 ; 27600 ; 140613738690304 ; 3 ; -1 ; IWANT
0 ; 229 ; 27600 ; 140613730297600 ; 4 ; -1 ; IWANT
0 ; 230 ; 27600 ; 140613721904896 ; 4 ; -1 ; IWANT
0 ; 231 ; 27600 ; 140613713512192 ; 3 ; -1 ; IWANT
0 ; 232 ; 27600 ; 140613705119488 ; 5 ; -1 ; IWANT
0 ; 233 ; 27600 ; 140613696726784 ; 3 ; -1 ; IWANT
0 ; 234 ; 27600 ; 140613688334080 ; 4 ; -1 ; IWANT
0 ; 235 ; 27600 ; 140613679941376 ; 4 ; -1 ; IWANT
0 ; 236 ; 27600 ; 140613671548672 ; 2 ; -1 ; IWANT
0 ; 237 ; 27600 ; 140613663155968 ; 3 ; -1 ; IWANT
0 ; 238 ; 27600 ; 140613654763264 ; 4 ; -1 ; IWANT
0 ; 239 ; 27600 ; 140613646370560 ; 4 ; -1 ; IWANT
0 ; 240 ; 27600 ; 140613637977856 ; 1 ; -1 ; IWANT
0 ; 241 ; 27600 ; 140613629585152 ; 3 ; -1 ; IWANT
0 ; 242 ; 27600 ; 140613621192448 ; 5 ; -1 ; IWANT
0 ; 243 ; 27600 ; 140613612799744 ; 1 ; -1 ; IWANT
0 ; 244 ; 27600 ; 140613604407040 ; 2 ; -1 ; IWANT
0 ; 245 ; 27600 ; 140613596014336 ; 3 ; -1 ; IWANT
0 ; 246 ; 27600 ; 140613587621632 ; 5 ; -1 ; IWANT
0 ; 247 ; 27600 ; 140613579228928 ; 5 ; -1 ; IWANT
0 ; 248 ; 27600 ; 140613570836224 ; 3 ; -1 ; IWANT
0 ; 249 ; 27600 ; 140613562443520 ; 5 ; -1 ; IWANT
0 ; 250 ; 27600 ; 140613554050816 ; 2 ; -1 ; IWANT
0 ; 251 ; 27600 ; 140613545658112 ; 3 ; -1 ; IWANT
0 ; 252 ; 27600 ; 140613537265408 ; 3 ; -1 ; IWANT
0 ; 13 ; 27600 ; 140615543121664 ; 5 ; 2 ; IAMIN
0 ; 253 ; 27600 ; 140613528872704 ; 2 ; -1 ; IWANT
0 ; 14 ; 27600 ; 140615534728960 ; 1 ; 3 ; IAMIN
0 ; 254 ; 27600 ; 140613520480000 ; 3 ; -1 ; IWANT
0 ; 255 ; 27600 ; 140613512087296 ; 5 ; -1 ; IWANT
0 ; 256 ; 27600 ; 140613503694592 ; 5 ; -1 ; IWANT
0 ; 257 ; 27600 ; 140613495301888 ; 5 ; -1 ; IWANT
0 ; 258 ; 27600 ; 140613486909184 ; 1 ; -1 ; IWANT
0 ; 259 ; 27600 ; 140613478516480 ; 2 ; -1 ; IWANT
0 ; 260 ; 27600 ; 140613470123776 ; 3 ; -1 ; IWANT
0 ; 261 ; 27600 ; 140613461731072 ; 4 ; -1 ; IWANT
0 ; 262 ; 27600 ; 140613453338368 ; 4 ; -1 ; IWANT
0 ; 263 ; 27600 ; 140613444945664 ; 4 ; -1 ; IWANT
0 ; 264 ; 27600 ; 140613436552960 ; 2 ; -1 ; IWANT
0 ; 265 ; 27600 ; 140613428160256 ; 4 ; -1 ; IWANT
0 ; 266 ; 27600 ; 140613419767552 ; 3 ; -1 ; IWANT
0 ; 267 ; 27600 ; 140613411374848 ; 3 ; -1 ; IWANT
0 ; 268 ; 27600 ; 140613402982144 ; 2 ; -1 ; IWANT
0 ; 269 ; 27600 ; 140613394589440 ; 1 ; -1 ; IWANT
0 ; 270 ; 27600 ; 140613386196736 ; 4 ; -1 ; IWANT
0 ; 271 ; 27600 ; 140613377804032 ; 2 ; -1 ; IWANT
0 ; 272 ; 27600 ; 140613369411328 ; 5 ; -1 ; IWANT
0 ; 273 ; 27600 ; 140613361018624 ; 3 ; -1 ; IWANT
0 ; 274 ; 27600 ; 140613352625920 ; 4 ; -1 ; IWANT
0 ; 275 ; 27600 ; 140613344233216 ; 4 ; -1 ; IWANT
0 ; 276 ; 27600 ; 140613335840512 ; 2 ; -1 ; IWANT
0 ; 277 ; 27600 ; 140613327447808 ; 5 ; -1 ; IWANT
0 ; 278 ; 27600 ; 140613319055104 ; 5 ; -1 ; IWANT
0 ; 279 ; 27600 ; 140613310662400 ; 4 ; -1 ; IWANT
0 ; 280 ; 27600 ; 140613302269696 ; 2 ; -1 ; IWANT
0 ; 281 ; 27600 ; 140613293876992 ; 1 ; -1 ; IWANT
0 ; 282 ; 27600 ; 140613285484288 ; 1 ; -1 ; IWANT
0 ; 283 ; 27600 ; 140613277091584 ; 4 ; -1 ; IWANT
0 ; 284 ; 27600 ; 140613268698880 ; 5 ; -1 ; IWANT
0 ; 285 ; 27600 ; 140613260306176 ; 1 ; -1 ; IWANT
0 ; 286 ; 27600 ; 140613251913472 ; 4 ; -1 ; IWANT
0 ; 287 ; 27600 ; 140613243520768 ; 4 ; -1 ; IWANT
0 ; 288 ; 27600 ; 140613235128064 ; 5 ; -1 ; IWANT
0 ; 289 ; 27600 ; 140613226735360 ; 1 ; -1 ; IWANT
0 ; 290 ; 27600 ; 140613218342656 ; 2 ; -1 ; IWANT
0 ; 291 ; 27600 ; 140613209949952 ; 4 ; -1 ; IWANT
0 ; 292 ; 27600 ; 140613201557248 ; 2 ; -1 ; IWANT
0 ; 15 ; 27600 ; 140615526336256 ; 5 ; 0 ; IAMIN
0 ; 293 ; 27600 ; 140613193164544 ; 2 ; -1 ; IWANT
0 ; 294 ; 27600 ; 140613184771840 ; 2 ; -1 ; IWANT
0 ; 295 ; 27600 ; 140613176379136 ; 5 ; -1 ; IWANT
0 ; 17 ; 27600 ; 140615509550848 ; 4 ; 3 ; IAMIN
0 ; 296 ; 27600 ; 140613167986432 ; 5 ; -1 ; IWANT
0 ; 297 ; 27600 ; 140613159593728 ; 4 ; -1 ; IWANT
0 ; 298 ; 27600 ; 140613151201024 ; 4 ; -1 ; IWANT
0 ; 299 ; 27600 ; 140613142808320 ; 1 ; -1 ; IWANT
0 ; 300 ; 27600 ; 140613134415616 ; 1 ; -1 ; IWANT
0 ; 301 ; 27600 ; 140613126022912 ; 4 ; -1 ; IWANT
0 ; 302 ; 27600 ; 140613117630208 ; 4 ; -1 ; IWANT
0 ; 303 ; 27600 ; 140613109237504 ; 3 ; -1 ; IWANT
0 ; 304 ; 27600 ; 140613100844800 ; 3 ; -1 ; IWANT
0 ; 305 ; 27600 ; 140613092452096 ; 5 ; -1 ; IWANT
0 ; 306 ; 27600 ; 140613084059392 ; 1 ; -1 ; IWANT
0 ; 307 ; 27600 ; 140613075666688 ; 4 ; -1 ; IWANT
0 ; 308 ; 27600 ; 140613067273984 ; 1 ; -1 ; IWANT
0 ; 309 ; 27600 ; 140613058881280 ; 2 ; -1 ; IWANT
0 ; 310 ; 27600 ; 140613050488576 ; 3 ; -1 ; IWANT
0 ; 311 ; 27600 ; 140613042095872 ; 2 ; -1 ; IWANT
0 ; 312 ; 27600 ; 140613033703168 ; 5 ; -1 ; IWANT
0 ; 313 ; 27600 ; 140613025310464 ; 5 ; -1 ; IWANT
0 ; 314 ; 27600 ; 140613016917760 ; 3 ; -1 ; IWANT
0 ; 315 ; 27600 ; 140613008525056 ; 4 ; -1 ; IWANT
0 ; 316 ; 27600 ; 140613000132352 ; 5 ; -1 ; IWANT
0 ; 317 ; 27600 ; 140612991739648 ; 1 ; -1 ; IWANT
0 ; 318 ; 27600 ; 140612983346944 ; 4 ; -1 ; IWANT
0 ; 319 ; 27600 ; 140612974954240 ; 1 ; -1 ; IWANT
0 ; 320 ; 27600 ; 140612966561536 ; 3 ; -1 ; IWANT
0 ; 321 ; 27600 ; 140612958168832 ; 2 ; -1 ; IWANT
0 ; 322 ; 27600 ; 140612949776128 ; 4 ; -1 ; IWANT
0 ; 323 ; 27600 ; 140612941383424 ; 4 ; -1 ; IWANT
0 ; 324 ; 27600 ; 140612932990720 ; 3 ; -1 ; IWANT
0 ; 325 ; 27600 ; 140612924598016 ; 1 ; -1 ; IWANT
0 ; 326 ; 27600 ; 140612916205312 ; 3 ; -1 ; IWANT
0 ; 327 ; 27600 ; 140612907812608 ; 2 ; -1 ; IWANT
0 ; 328 ; 27600 ; 140612899419904 ; 1 ; -1 ; IWANT
0 ; 329 ; 27600 ; 140612891027200 ; 4 ; -1 ; IWANT
0 ; 330 ; 27600 ; 140612882634496 ; 5 ; -1 ; IWANT
0 ; 331 ; 27600 ; 140612874241792 ; 2 ; -1 ; IWANT
0 ; 332 ; 27600 ; 140612865849088 ; 2 ; -1 ; IWANT
0 ; 333 ; 27600 ; 140612857456384 ; 5 ; -1 ; IWANT
0 ; 334 ; 27600 ; 140612849063680 ; 4 ; -1 ; IWANT
0 ; 16 ; 27600 ; 140615517943552 ; 5 ; 1 ; IAMIN
0 ; 335 ; 27600 ; 140612840670976 ; 5 ; -1 ; IWANT
0 ; 336 ; 27600 ; 140612832278272 ; 1 ; -1 ; IWANT
0 ; 337 ; 27600 ; 140612823885568 ; 1 ; -1 ; IWANT
0 ; 18 ; 27600 ; 140615501158144 ; 3 ; 4 ; IAMIN
0 ; 338 ; 27600 ; 140612815492864 ; 3 ; -1 ; IWANT
0 ; 339 ; 27600 ; 140612807100160 ; 4 ; -1 ; IWANT
0 ; 340 ; 27600 ; 140612798707456 ; 2 ; -1 ; IWANT
0 ; 341 ; 27600 ; 140612790314752 ; 5 ; -1 ; IWANT
0 ; 342 ; 27600 ; 140612781922048 ; 2 ; -1 ; IWANT
0 ; 343 ; 27600 ; 140612773529344 ; 1 ; -1 ; IWANT
0 ; 344 ; 27600 ; 140612765136640 ; 2 ; -1 ; IWANT
0 ; 345 ; 27600 ; 140612756743936 ; 4 ; -1 ; IWANT
0 ; 346 ; 27600 ; 140612748351232 ; 1 ; -1 ; IWANT
0 ; 347 ; 27600 ; 140612739958528 ; 1 ; -1 ; IWANT
0 ; 348 ; 27600 ; 140612731565824 ; 1 ; -1 ; IWANT
0 ; 349 ; 27600 ; 140612723173120 ; 1 ; -1 ; IWANT
0 ; 350 ; 27600 ; 140612714780416 ; 2 ; -1 ; IWANT
0 ; 351 ; 27600 ; 140612706387712 ; 4 ; -1 ; IWANT
0 ; 352 ; 27600 ; 140612697995008 ; 2 ; -1 ; IWANT
0 ; 353 ; 27600 ; 140612689602304 ; 2 ; -1 ; IWANT
0 ; 354 ; 27600 ; 140612681209600 ; 4 ; -1 ; IWANT
0 ; 355 ; 27600 ; 140612672816896 ; 1 ; -1 ; IWANT
0 ; 356 ; 27600 ; 140612664424192 ; 2 ; -1 ; IWANT
0 ; 357 ; 27600 ; 140612656031488 ; 4 ; -1 ; IWANT
0 ; 358 ; 27600 ; 140612647638784 ; 5 ; -1 ; IWANT
0 ; 359 ; 27600 ; 140612639246080 ; 5 ; -1 ; IWANT
0 ; 360 ; 27600 ; 140612630853376 ; 2 ; -1 ; IWANT
0 ; 361 ; 27600 ; 140612622460672 ; 1 ; -1 ; IWANT
0 ; 362 ; 27600 ; 140612614067968 ; 1 ; -1 ; IWANT
0 ; 363 ; 27600 ; 140612605675264 ; 3 ; -1 ; IWANT
0 ; 364 ; 27600 ; 140612597282560 ; 2 ; -1 ; IWANT
0 ; 365 ; 27600 ; 140612588889856 ; 1 ; -1 ; IWANT
0 ; 366 ; 27600 ; 140612580497152 ; 2 ; -1 ; IWANT
0 ; 367 ; 27600 ; 140612572104448 ; 3 ; -1 ; IWANT
0 ; 368 ; 27600 ; 140612563711744 ; 3 ; -1 ; IWANT
0 ; 369 ; 27600 ; 140612555319040 ; 2 ; -1 ; IWANT
0 ; 370 ; 27600 ; 140612546926336 ; 3 ; -1 ; IWANT
0 ; 371 ; 27600 ; 140612538533632 ; 1 ; -1 ; IWANT
0 ; 372 ; 27600 ; 140612530140928 ; 3 ; -1 ; IWANT
0 ; 373 ; 27600 ; 140612521748224 ; 4 ; -1 ; IWANT
0 ; 374 ; 27600 ; 140612513355520 ; 4 ; -1 ; IWANT
0 ; 375 ; 27600 ; 140612504962816 ; 4 ; -1 ; IWANT
0 ; 376 ; 27600 ; 140612496570112 ; 3 ; -1 ; IWANT
0 ; 377 ; 27600 ; 140612488177408 ; 1 ; -1 ; IWANT
0 ; 378 ; 27600 ; 140612479784704 ; 2 ; -1 ; IWANT
0 ; 379 ; 27600 ; 140612471392000 ; 5 ; -1 ; IWANT
0 ; 380 ; 27600 ; 140612462999296 ; 2 ; -1 ; IWANT
0 ; 381 ; 27600 ; 140612454606592 ; 5 ; -1 ; IWANT
0 ; 382 ; 27600 ; 140612446213888 ; 3 ; -1 ; IWANT
0 ; 383 ; 27600 ; 140612437821184 ; 5 ; -1 ; IWANT
0 ; 384 ; 27600 ; 140612429428480 ; 1 ; -1 ; IWANT
0 ; 385 ; 27600 ; 140612421035776 ; 2 ; -1 ; IWANT
0 ; 386 ; 27600 ; 140612412643072 ; 3 ; -1 ; IWANT
0 ; 387 ; 27600 ; 140612404250368 ; 5 ; -1 ; IWANT
0 ; 388 ; 27600 ; 140612395857664 ; 5 ; -1 ; IWANT
0 ; 389 ; 27600 ; 140612387464960 ; 2 ; -1 ; IWANT
0 ; 390 ; 27600 ; 140612379072256 ; 4 ; -1 ; IWANT
0 ; 391 ; 27600 ; 140612370679552 ; 3 ; -1 ; IWANT
0 ; 392 ; 27600 ; 140612362286848 ; 2 ; -1 ; IWANT
0 ; 393 ; 27600 ; 140612353894144 ; 1 ; -1 ; IWANT
0 ; 394 ; 27600 ; 140612345501440 ; 5 ; -1 ; IWANT
0 ; 395 ; 27600 ; 140612337108736 ; 3 ; -1 ; IWANT
0 ; 396 ; 27600 ; 140612328716032 ; 3 ; -1 ; IWANT
0 ; 397 ; 27600 ; 140612320323328 ; 4 ; -1 ; IWANT
0 ; 398 ; 27600 ; 140612311930624 ; 2 ; -1 ; IWANT
0 ; 399 ; 27600 ; 140612303537920 ; 2 ; -1 ; IWANT
0 ; 400 ; 27600 ; 140612295145216 ; 5 ; -1 ; IWANT
0 ; 401 ; 27600 ; 140612286752512 ; 4 ; -1 ; IWANT
0 ; 402 ; 27600 ; 140612278359808 ; 2 ; -1 ; IWANT
0 ; 403 ; 27600 ; 140612269967104 ; 2 ; -1 ; IWANT
1 ; 404 ; 27600 ; 140612261574400 ; 5 ; -1 ; IWANT
1 ; 405 ; 27600 ; 140612253181696 ; 2 ; -1 ; IWANT
1 ; 406 ; 27600 ; 140612244788992 ; 3 ; -1 ; IWANT
1 ; 407 ; 27600 ; 140612236396288 ; 4 ; -1 ; IWANT
1 ; 408 ; 27600 ; 140612228003584 ; 3 ; -1 ; IWANT
1 ; 409 ; 27600 ; 140612219610880 ; 4 ; -1 ; IWANT
1 ; 410 ; 27600 ; 140612211218176 ; 3 ; -1 ; IWANT
1 ; 411 ; 27600 ; 140612202825472 ; 1 ; -1 ; IWANT
1 ; 412 ; 27600 ; 140612194432768 ; 5 ; -1 ; IWANT
1 ; 413 ; 27600 ; 140612186040064 ; 3 ; -1 ; IWANT
1 ; 414 ; 27600 ; 140612177647360 ; 2 ; -1 ; IWANT
1 ; 415 ; 27600 ; 140612169254656 ; 2 ; -1 ; IWANT
1 ; 416 ; 27600 ; 140612160861952 ; 4 ; -1 ; IWANT
1 ; 417 ; 27600 ; 140612152469248 ; 4 ; -1 ; IWANT
1 ; 418 ; 27600 ; 140612144076544 ; 1 ; -1 ; IWANT
1 ; 419 ; 27600 ; 140612135683840 ; 5 ; -1 ; IWANT
1 ; 420 ; 27600 ; 140612127291136 ; 5 ; -1 ; IWANT
1 ; 421 ; 27600 ; 140612118898432 ; 1 ; -1 ; IWANT
1 ; 422 ; 27600 ; 140612110505728 ; 2 ; -1 ; IWANT
1 ; 425 ; 27600 ; 140612085327616 ; 3 ; -1 ; IWANT
1 ; 424 ; 27600 ; 140612093720320 ; 1 ; -1 ; IWANT
1 ; 423 ; 27600 ; 140612102113024 ; 3 ; -1 ; IWANT
1 ; 426 ; 27600 ; 140612076934912 ; 3 ; -1 ; IWANT
1 ; 427 ; 27600 ; 140612068542208 ; 5 ; -1 ; IWANT
1 ; 428 ; 27600 ; 140612060149504 ; 1 ; -1 ; IWANT
1 ; 429 ; 27600 ; 140612051756800 ; 4 ; -1 ; IWANT
1 ; 430 ; 27600 ; 140612043364096 ; 1 ; -1 ; IWANT
1 ; 431 ; 27600 ; 140612034971392 ; 2 ; -1 ; IWANT
1 ; 432 ; 27600 ; 140612026578688 ; 5 ; -1 ; IWANT
1 ; 433 ; 27600 ; 140612018185984 ; 5 ; -1 ; IWANT
1 ; 434 ; 27600 ; 140612009793280 ; 1 ; -1 ; IWANT
1 ; 435 ; 27600 ; 140612001400576 ; 4 ; -1 ; IWANT
1 ; 436 ; 27600 ; 140611993007872 ; 1 ; -1 ; IWANT
1 ; 437 ; 27600 ; 140611984615168 ; 3 ; -1 ; IWANT
1 ; 438 ; 27600 ; 140611976222464 ; 2 ; -1 ; IWANT
1 ; 439 ; 27600 ; 140611967829760 ; 5 ; -1 ; IWANT
1 ; 440 ; 27600 ; 140611959437056 ; 3 ; -1 ; IWANT
1 ; 441 ; 27600 ; 140611951044352 ; 4 ; -1 ; IWANT
1 ; 442 ; 27600 ; 140611942651648 ; 5 ; -1 ; IWANT
1 ; 443 ; 27600 ; 140611934258944 ; 4 ; -1 ; IWANT
1 ; 444 ; 27600 ; 140611925866240 ; 1 ; -1 ; IWANT
1 ; 445 ; 27600 ; 140611917473536 ; 4 ; -1 ; IWANT
1 ; 446 ; 27600 ; 140611909080832 ; 5 ; -1 ; IWANT
1 ; 447 ; 27600 ; 140611900688128 ; 1 ; -1 ; IWANT
1 ; 448 ; 27600 ; 140611892295424 ; 2 ; -1 ; IWANT
1 ; 449 ; 27600 ; 140611883902720 ; 3 ; -1 ; IWANT
1 ; 450 ; 27600 ; 140611875510016 ; 2 ; -1 ; IWANT
1 ; 451 ; 27600 ; 140611867117312 ; 4 ; -1 ; IWANT
1 ; 452 ; 27600 ; 140611858724608 ; 3 ; -1 ; IWANT
1 ; 453 ; 27600 ; 140611850331904 ; 5 ; -1 ; IWANT
1 ; 454 ; 27600 ; 140611841939200 ; 3 ; -1 ; IWANT
1 ; 455 ; 27600 ; 140611833546496 ; 1 ; -1 ; IWANT
1 ; 456 ; 27600 ; 140611825153792 ; 5 ; -1 ; IWANT
1 ; 19 ; 27600 ; 140615492765440 ; 3 ; 2 ; IAMIN
1 ; 457 ; 27600 ; 140611816761088 ; 5 ; -1 ; IWANT
1 ; 20 ; 27600 ; 140615484372736 ; 2 ; 3 ; IAMIN
1 ; 458 ; 27600 ; 140611808368384 ; 2 ; -1 ; IWANT
1 ; 459 ; 27600 ; 140611799975680 ; 5 ; -1 ; IWANT
1 ; 21 ; 27600 ; 140615475980032 ; 2 ; 4 ; IAMIN
1 ; 460 ; 27600 ; 140611791582976 ; 1 ; -1 ; IWANT
1 ; 461 ; 27600 ; 140611783190272 ; 3 ; -1 ; IWANT
1 ; 462 ; 27600 ; 140611774797568 ; 4 ; -1 ; IWANT
1 ; 463 ; 27600 ; 140611766404864 ; 5 ; -1 ; IWANT
1 ; 464 ; 27600 ; 140611758012160 ; 4 ; -1 ; IWANT
1 ; 465 ; 27600 ; 140611749619456 ; 4 ; -1 ; IWANT
1 ; 466 ; 27600 ; 140611741226752 ; 5 ; -1 ; IWANT
1 ; 467 ; 27600 ; 140611732834048 ; 1 ; -1 ; IWANT
1 ; 468 ; 27600 ; 140611724441344 ; 3 ; -1 ; IWANT
1 ; 469 ; 27600 ; 140611716048640 ; 3 ; -1 ; IWANT
1 ; 470 ; 27600 ; 140611707655936 ; 3 ; -1 ; IWANT
1 ; 471 ; 27600 ; 140611699263232 ; 2 ; -1 ; IWANT
1 ; 472 ; 27600 ; 140611690870528 ; 1 ; -1 ; IWANT
1 ; 473 ; 27600 ; 140611682477824 ; 4 ; -1 ; IWANT
1 ; 474 ; 27600 ; 140611674085120 ; 2 ; -1 ; IWANT
1 ; 475 ; 27600 ; 140611665692416 ; 4 ; -1 ; IWANT
1 ; 476 ; 27600 ; 140611657299712 ; 2 ; -1 ; IWANT
1 ; 477 ; 27600 ; 140611648907008 ; 1 ; -1 ; IWANT
1 ; 478 ; 27600 ; 140611640514304 ; 1 ; -1 ; IWANT
1 ; 479 ; 27600 ; 140611632121600 ; 4 ; -1 ; IWANT
1 ; 480 ; 27600 ; 140611623728896 ; 3 ; -1 ; IWANT
1 ; 481 ; 27600 ; 140611615336192 ; 5 ; -1 ; IWANT
1 ; 482 ; 27600 ; 140611606943488 ; 4 ; -1 ; IWANT
1 ; 483 ; 27600 ; 140611598550784 ; 3 ; -1 ; IWANT
1 ; 484 ; 27600 ; 140611590158080 ; 4 ; -1 ; IWANT
1 ; 485 ; 27600 ; 140611581765376 ; 3 ; -1 ; IWANT
1 ; 486 ; 27600 ; 140611573372672 ; 3 ; -1 ; IWANT
1 ; 487 ; 27600 ; 140611564979968 ; 3 ; -1 ; IWANT
1 ; 488 ; 27600 ; 140611556587264 ; 3 ; -1 ; IWANT
1 ; 489 ; 27600 ; 140611548194560 ; 4 ; -1 ; IWANT
1 ; 490 ; 27600 ; 140611539801856 ; 5 ; -1 ; IWANT
1 ; 491 ; 27600 ; 140611531409152 ; 5 ; -1 ; IWANT
1 ; 492 ; 27600 ; 140611523016448 ; 3 ; -1 ; IWANT
1 ; 493 ; 27600 ; 140611514623744 ; 3 ; -1 ; IWANT
1 ; 494 ; 27600 ; 140611506231040 ; 1 ; -1 ; IWANT
1 ; 495 ; 27600 ; 140611497838336 ; 3 ; -1 ; IWANT
1 ; 496 ; 27600 ; 140611489445632 ; 3 ; -1 ; IWANT
1 ; 22 ; 27600 ; 140615467587328 ; 5 ; 0 ; IAMIN
1 ; 497 ; 27600 ; 140611481052928 ; 5 ; -1 ; IWANT
1 ; 498 ; 27600 ; 140611472660224 ; 4 ; -1 ; IWANT
1 ; 499 ; 27600 ; 140611464267520 ; 2 ; -1 ; IWANT
1 ; 500 ; 27600 ; 140611455874816 ; 2 ; -1 ; IWANT
1 ; 501 ; 27600 ; 140611447482112 ; 1 ; -1 ; IWANT
1 ; 502 ; 27600 ; 140611439089408 ; 5 ; -1 ; IWANT
1 ; 503 ; 27600 ; 140611430696704 ; 4 ; -1 ; IWANT
1 ; 504 ; 27600 ; 140611422304000 ; 4 ; -1 ; IWANT
1 ; 505 ; 27600 ; 140611413911296 ; 1 ; -1 ; IWANT
1 ; 506 ; 27600 ; 140611405518592 ; 4 ; -1 ; IWANT
1 ; 507 ; 27600 ; 140611397125888 ; 3 ; -1 ; IWANT
1 ; 508 ; 27600 ; 140611388733184 ; 1 ; -1 ; IWANT
1 ; 509 ; 27600 ; 140611380340480 ; 5 ; -1 ; IWANT
1 ; 510 ; 27600 ; 140611371947776 ; 3 ; -1 ; IWANT
1 ; 511 ; 27600 ; 140611363555072 ; 1 ; -1 ; IWANT
1 ; 512 ; 27600 ; 140611355162368 ; 1 ; -1 ; IWANT
1 ; 513 ; 27600 ; 140611346769664 ; 1 ; -1 ; IWANT
1 ; 514 ; 27600 ; 140611338376960 ; 3 ; -1 ; IWANT
1 ; 515 ; 27600 ; 140611329984256 ; 4 ; -1 ; IWANT
1 ; 516 ; 27600 ; 140611321591552 ; 3 ; -1 ; IWANT
1 ; 517 ; 27600 ; 140611313198848 ; 5 ; -1 ; IWANT
1 ; 518 ; 27600 ; 140611304806144 ; 4 ; -1 ; IWANT
1 ; 519 ; 27600 ; 140611296413440 ; 2 ; -1 ; IWANT
1 ; 520 ; 27600 ; 140611288020736 ; 5 ; -1 ; IWANT
1 ; 521 ; 27600 ; 140611279628032 ; 5 ; -1 ; IWANT
1 ; 522 ; 27600 ; 140611271235328 ; 3 ; -1 ; IWANT
1 ; 523 ; 27600 ; 140611262842624 ; 3 ; -1 ; IWANT
1 ; 524 ; 27600 ; 140611254449920 ; 4 ; -1 ; IWANT
1 ; 525 ; 27600 ; 140611246057216 ; 3 ; -1 ; IWANT
1 ; 526 ; 27600 ; 140611237664512 ; 5 ; -1 ; IWANT
1 ; 527 ; 27600 ; 140611229271808 ; 1 ; -1 ; IWANT
1 ; 528 ; 27600 ; 140611220879104 ; 4 ; -1 ; IWANT
1 ; 529 ; 27600 ; 140611212486400 ; 5 ; -1 ; IWANT
1 ; 530 ; 27600 ; 140611204093696 ; 4 ; -1 ; IWANT
1 ; 531 ; 27600 ; 140611195700992 ; 2 ; -1 ; IWANT
1 ; 532 ; 27600 ; 140611187308288 ; 2 ; -1 ; IWANT
1 ; 533 ; 27600 ; 140611178915584 ; 3 ; -1 ; IWANT
1 ; 534 ; 27600 ; 140611170522880 ; 1 ; -1 ; IWANT
1 ; 535 ; 27600 ; 140611162130176 ; 3 ; -1 ; IWANT
1 ; 536 ; 27600 ; 140611153737472 ; 3 ; -1 ; IWANT
1 ; 537 ; 27600 ; 140611145344768 ; 1 ; -1 ; IWANT
1 ; 538 ; 27600 ; 140611136952064 ; 5 ; -1 ; IWANT
1 ; 23 ; 27600 ; 140615459194624 ; 3 ; 1 ; IAMIN
1 ; 539 ; 27600 ; 140611128559360 ; 5 ; -1 ; IWANT
1 ; 540 ; 27600 ; 140611120166656 ; 2 ; -1 ; IWANT
1 ; 24 ; 27600 ; 140615450801920 ; 3 ; 3 ; IAMIN
1 ; 541 ; 27600 ; 140611111773952 ; 4 ; -1 ; IWANT
1 ; 542 ; 27600 ; 140611103381248 ; 5 ; -1 ; IWANT
1 ; 25 ; 27600 ; 140615442409216 ; 3 ; 4 ; IAMIN
1 ; 543 ; 27600 ; 140611094988544 ; 2 ; -1 ; IWANT
1 ; 544 ; 27600 ; 140611086595840 ; 1 ; -1 ; IWANT
1 ; 545 ; 27600 ; 140611078203136 ; 4 ; -1 ; IWANT
1 ; 546 ; 27600 ; 140611069810432 ; 3 ; -1 ; IWANT
1 ; 547 ; 27600 ; 140611061417728 ; 3 ; -1 ; IWANT
1 ; 548 ; 27600 ; 140611053025024 ; 5 ; -1 ; IWANT
1 ; 549 ; 27600 ; 140611044632320 ; 1 ; -1 ; IWANT
1 ; 550 ; 27600 ; 140611036239616 ; 2 ; -1 ; IWANT
1 ; 551 ; 27600 ; 140611027846912 ; 5 ; -1 ; IWANT
1 ; 552 ; 27600 ; 140611019454208 ; 5 ; -1 ; IWANT
1 ; 553 ; 27600 ; 140611011061504 ; 4 ; -1 ; IWANT
1 ; 554 ; 27600 ; 140611002668800 ; 4 ; -1 ; IWANT
1 ; 555 ; 27600 ; 140610994276096 ; 3 ; -1 ; IWANT
1 ; 556 ; 27600 ; 140610985883392 ; 4 ; -1 ; IWANT
1 ; 557 ; 27600 ; 140610977490688 ; 5 ; -1 ; IWANT
1 ; 558 ; 27600 ; 140610969097984 ; 5 ; -1 ; IWANT
1 ; 559 ; 27600 ; 140610960705280 ; 2 ; -1 ; IWANT
1 ; 560 ; 27600 ; 140610952312576 ; 5 ; -1 ; IWANT
1 ; 561 ; 27600 ; 140610943919872 ; 3 ; -1 ; IWANT
1 ; 562 ; 27600 ; 140610935527168 ; 4 ; -1 ; IWANT
1 ; 563 ; 27600 ; 140610927134464 ; 3 ; -1 ; IWANT
1 ; 564 ; 27600 ; 140610918741760 ; 5 ; -1 ; IWANT
1 ; 565 ; 27600 ; 140610910349056 ; 4 ; -1 ; IWANT
1 ; 566 ; 27600 ; 140610901956352 ; 2 ; -1 ; IWANT
1 ; 567 ; 27600 ; 140610893563648 ; 4 ; -1 ; IWANT
1 ; 568 ; 27600 ; 140610885170944 ; 1 ; -1 ; IWANT
1 ; 569 ; 27600 ; 140610876778240 ; 3 ; -1 ; IWANT
1 ; 570 ; 27600 ; 140610868385536 ; 3 ; -1 ; IWANT
1 ; 571 ; 27600 ; 140610859992832 ; 3 ; -1 ; IWANT
1 ; 572 ; 27600 ; 140610851600128 ; 1 ; -1 ; IWANT
1 ; 573 ; 27600 ; 140610843207424 ; 5 ; -1 ; IWANT
1 ; 574 ; 27600 ; 140610834814720 ; 4 ; -1 ; IWANT
1 ; 575 ; 27600 ; 140610826422016 ; 1 ; -1 ; IWANT
1 ; 576 ; 27600 ; 140610818029312 ; 3 ; -1 ; IWANT
1 ; 577 ; 27600 ; 140610809636608 ; 1 ; -1 ; IWANT
1 ; 578 ; 27600 ; 140610801243904 ; 1 ; -1 ; IWANT
1 ; 579 ; 27600 ; 140610792851200 ; 3 ; -1 ; IWANT
1 ; 580 ; 27600 ; 140610784458496 ; 3 ; -1 ; IWANT
1 ; 26 ; 27600 ; 140615434016512 ; 2 ; 2 ; IAMIN
1 ; 581 ; 27600 ; 140610776065792 ; 4 ; -1 ; IWANT
1 ; 582 ; 27600 ; 140610767673088 ; 4 ; -1 ; IWANT
1 ; 583 ; 27600 ; 140610759280384 ; 2 ; -1 ; IWANT
1 ; 584 ; 27600 ; 140610750887680 ; 2 ; -1 ; IWANT
1 ; 585 ; 27600 ; 140610742494976 ; 2 ; -1 ; IWANT
1 ; 586 ; 27600 ; 140610734102272 ; 1 ; -1 ; IWANT
1 ; 587 ; 27600 ; 140610725709568 ; 5 ; -1 ; IWANT
1 ; 588 ; 27600 ; 140610717316864 ; 1 ; -1 ; IWANT
1 ; 589 ; 27600 ; 140610708924160 ; 5 ; -1 ; IWANT
1 ; 590 ; 27600 ; 140610700531456 ; 2 ; -1 ; IWANT
1 ; 591 ; 27600 ; 140610692138752 ; 2 ; -1 ; IWANT
1 ; 592 ; 27600 ; 140610683746048 ; 4 ; -1 ; IWANT
1 ; 593 ; 27600 ; 140610675353344 ; 2 ; -1 ; IWANT
1 ; 594 ; 27600 ; 140610666960640 ; 2 ; -1 ; IWANT
1 ; 595 ; 27600 ; 140610658567936 ; 3 ; -1 ; IWANT
1 ; 596 ; 27600 ; 140610650175232 ; 5 ; -1 ; IWANT
1 ; 597 ; 27600 ; 140610641782528 ; 3 ; -1 ; IWANT
1 ; 598 ; 27600 ; 140610633389824 ; 3 ; -1 ; IWANT
1 ; 599 ; 27600 ; 140610624997120 ; 2 ; -1 ; IWANT
1 ; 600 ; 27600 ; 140610616604416 ; 1 ; -1 ; IWANT
1 ; 601 ; 27600 ; 140610608211712 ; 1 ; -1 ; IWANT
1 ; 602 ; 27600 ; 140610599819008 ; 4 ; -1 ; IWANT
1 ; 603 ; 27600 ; 140610591426304 ; 3 ; -1 ; IWANT
1 ; 604 ; 27600 ; 140610583033600 ; 2 ; -1 ; IWANT
1 ; 605 ; 27600 ; 140610574640896 ; 5 ; -1 ; IWANT
1 ; 606 ; 27600 ; 140610566248192 ; 4 ; -1 ; IWANT
1 ; 607 ; 27600 ; 140610557855488 ; 4 ; -1 ; IWANT
1 ; 608 ; 27600 ; 140610549462784 ; 2 ; -1 ; IWANT
1 ; 609 ; 27600 ; 140610541070080 ; 4 ; -1 ; IWANT
1 ; 610 ; 27600 ; 140610532677376 ; 3 ; -1 ; IWANT
1 ; 611 ; 27600 ; 140610524284672 ; 5 ; -1 ; IWANT
1 ; 612 ; 27600 ; 140610515891968 ; 2 ; -1 ; IWANT
1 ; 613 ; 27600 ; 140610507499264 ; 3 ; -1 ; IWANT
1 ; 614 ; 27600 ; 140610499106560 ; 3 ; -1 ; IWANT
1 ; 615 ; 27600 ; 140610490713856 ; 5 ; -1 ; IWANT
1 ; 616 ; 27600 ; 140610482321152 ; 4 ; -1 ; IWANT
1 ; 617 ; 27600 ; 140610473928448 ; 4 ; -1 ; IWANT
1 ; 618 ; 27600 ; 140610465535744 ; 2 ; -1 ; IWANT
1 ; 619 ; 27600 ; 140610457143040 ; 2 ; -1 ; IWANT
1 ; 620 ; 27600 ; 140610448750336 ; 5 ; -1 ; IWANT
1 ; 621 ; 27600 ; 140610440357632 ; 5 ; -1 ; IWANT
1 ; 622 ; 27600 ; 140610431964928 ; 5 ; -1 ; IWANT
1 ; 623 ; 27600 ; 140610423572224 ; 4 ; -1 ; IWANT
1 ; 624 ; 27600 ; 140610415179520 ; 1 ; -1 ; IWANT
1 ; 625 ; 27600 ; 140610406786816 ; 1 ; -1 ; IWANT
1 ; 626 ; 27600 ; 140610398394112 ; 3 ; -1 ; IWANT
1 ; 627 ; 27600 ; 140610390001408 ; 5 ; -1 ; IWANT
1 ; 628 ; 27600 ; 140610381608704 ; 1 ; -1 ; IWANT
1 ; 629 ; 27600 ; 140610373216000 ; 1 ; -1 ; IWANT
1 ; 630 ; 27600 ; 140610364823296 ; 3 ; -1 ; IWANT
1 ; 631 ; 27600 ; 140610356430592 ; 1 ; -1 ; IWANT
1 ; 632 ; 27600 ; 140610348037888 ; 3 ; -1 ; IWANT
1 ; 633 ; 27600 ; 140610339645184 ; 2 ; -1 ; IWANT
1 ; 634 ; 27600 ; 140610331252480 ; 3 ; -1 ; IWANT
1 ; 635 ; 27600 ; 140610322859776 ; 4 ; -1 ; IWANT
1 ; 636 ; 27600 ; 140610314467072 ; 3 ; -1 ; IWANT
1 ; 637 ; 27600 ; 140610306074368 ; 3 ; -1 ; IWANT
1 ; 638 ; 27600 ; 140610297681664 ; 4 ; -1 ; IWANT
1 ; 639 ; 27600 ; 140610289288960 ; 4 ; -1 ; IWANT
1 ; 640 ; 27600 ; 140610280896256 ; 3 ; -1 ; IWANT
1 ; 641 ; 27600 ; 140610272503552 ; 4 ; -1 ; IWANT
1 ; 642 ; 27600 ; 140610264110848 ; 3 ; -1 ; IWANT
1 ; 643 ; 27600 ; 140610255718144 ; 4 ; -1 ; IWANT
1 ; 644 ; 27600 ; 140610247325440 ; 1 ; -1 ; IWANT
1 ; 645 ; 27600 ; 140610238932736 ; 1 ; -1 ; IWANT
1 ; 646 ; 27600 ; 140610230540032 ; 1 ; -1 ; IWANT
1 ; 647 ; 27600 ; 140610222147328 ; 2 ; -1 ; IWANT
1 ; 648 ; 27600 ; 140610213754624 ; 1 ; -1 ; IWANT
1 ; 649 ; 27600 ; 140610205361920 ; 2 ; -1 ; IWANT
1 ; 650 ; 27600 ; 140610196969216 ; 3 ; -1 ; IWANT
1 ; 651 ; 27600 ; 140610188576512 ; 2 ; -1 ; IWANT
1 ; 652 ; 27600 ; 140610180183808 ; 1 ; -1 ; IWANT
1 ; 653 ; 27600 ; 140610171791104 ; 4 ; -1 ; IWANT
1 ; 654 ; 27600 ; 140610163398400 ; 2 ; -1 ; IWANT
1 ; 655 ; 27600 ; 140610155005696 ; 1 ; -1 ; IWANT
1 ; 656 ; 27600 ; 140610146612992 ; 5 ; -1 ; IWANT
1 ; 657 ; 27600 ; 140610138220288 ; 5 ; -1 ; IWANT
1 ; 658 ; 27600 ; 140610129827584 ; 2 ; -1 ; IWANT
1 ; 659 ; 27600 ; 140610121434880 ; 5 ; -1 ; IWANT
1 ; 660 ; 27600 ; 140610113042176 ; 2 ; -1 ; IWANT
1 ; 661 ; 27600 ; 140610104649472 ; 4 ; -1 ; IWANT
1 ; 662 ; 27600 ; 140610096256768 ; 2 ; -1 ; IWANT
1 ; 27 ; 27600 ; 140615425623808 ; 2 ; 1 ; IAMIN
1 ; 663 ; 27600 ; 140610087864064 ; 1 ; -1 ; IWANT
1 ; 28 ; 27600 ; 140615417231104 ; 3 ; 2 ; IAMIN
1 ; 664 ; 27600 ; 140610079471360 ; 2 ; -1 ; IWANT
1 ; 29 ; 27600 ; 140615408838400 ; 5 ; 3 ; IAMIN
1 ; 665 ; 27600 ; 140610071078656 ; 1 ; -1 ; IWANT
1 ; 666 ; 27600 ; 140610062685952 ; 4 ; -1 ; IWANT
1 ; 30 ; 27600 ; 140615400445696 ; 5 ; 4 ; IAMIN
1 ; 667 ; 27600 ; 140610054293248 ; 4 ; -1 ; IWANT
1 ; 668 ; 27600 ; 140610045900544 ; 4 ; -1 ; IWANT
1 ; 669 ; 27600 ; 140610037507840 ; 4 ; -1 ; IWANT
1 ; 670 ; 27600 ; 140610029115136 ; 3 ; -1 ; IWANT
1 ; 671 ; 27600 ; 140610020722432 ; 1 ; -1 ; IWANT
1 ; 672 ; 27600 ; 140610012329728 ; 2 ; -1 ; IWANT
1 ; 673 ; 27600 ; 140610003937024 ; 2 ; -1 ; IWANT
1 ; 674 ; 27600 ; 140609995544320 ; 2 ; -1 ; IWANT
1 ; 675 ; 27600 ; 140609987151616 ; 3 ; -1 ; IWANT
1 ; 676 ; 27600 ; 140609978758912 ; 4 ; -1 ; IWANT
1 ; 677 ; 27600 ; 140609970366208 ; 2 ; -1 ; IWANT
1 ; 678 ; 27600 ; 140609961973504 ; 1 ; -1 ; IWANT
1 ; 679 ; 27600 ; 140609953580800 ; 4 ; -1 ; IWANT
1 ; 680 ; 27600 ; 140609945188096 ; 5 ; -1 ; IWANT
1 ; 681 ; 27600 ; 140609936795392 ; 3 ; -1 ; IWANT
1 ; 682 ; 27600 ; 140609928402688 ; 3 ; -1 ; IWANT
1 ; 683 ; 27600 ; 140609920009984 ; 5 ; -1 ; IWANT
1 ; 684 ; 27600 ; 140609911617280 ; 1 ; -1 ; IWANT
1 ; 685 ; 27600 ; 140609903224576 ; 4 ; -1 ; IWANT
1 ; 686 ; 27600 ; 140609894831872 ; 2 ; -1 ; IWANT
1 ; 687 ; 27600 ; 140609886439168 ; 2 ; -1 ; IWANT
1 ; 688 ; 27600 ; 140609878046464 ; 5 ; -1 ; IWANT
1 ; 689 ; 27600 ; 140609869653760 ; 3 ; -1 ; IWANT
1 ; 690 ; 27600 ; 140609861261056 ; 3 ; -1 ; IWANT
1 ; 691 ; 27600 ; 140609852868352 ; 1 ; -1 ; IWANT
1 ; 692 ; 27600 ; 140609844475648 ; 3 ; -1 ; IWANT
1 ; 693 ; 27600 ; 140609836082944 ; 4 ; -1 ; IWANT
1 ; 694 ; 27600 ; 140609827690240 ; 1 ; -1 ; IWANT
1 ; 695 ; 27600 ; 140609819297536 ; 5 ; -1 ; IWANT
1 ; 696 ; 27600 ; 140609810904832 ; 5 ; -1 ; IWANT
1 ; 697 ; 27600 ; 140609802512128 ; 1 ; -1 ; IWANT
1 ; 698 ; 27600 ; 140609794119424 ; 3 ; -1 ; IWANT
1 ; 699 ; 27600 ; 140609785726720 ; 5 ; -1 ; IWANT
1 ; 700 ; 27600 ; 140609777334016 ; 5 ; -1 ; IWANT
1 ; 701 ; 27600 ; 140609768941312 ; 2 ; -1 ; IWANT
1 ; 702 ; 27600 ; 140609760548608 ; 2 ; -1 ; IWANT
1 ; 31 ; 27600 ; 140615392052992 ; 2 ; 0 ; IAMIN
1 ; 703 ; 27600 ; 140609752155904 ; 3 ; -1 ; IWANT
1 ; 704 ; 27600 ; 140609743763200 ; 4 ; -1 ; IWANT
1 ; 705 ; 27600 ; 140609735370496 ; 3 ; -1 ; IWANT
1 ; 706 ; 27600 ; 140609726977792 ; 2 ; -1 ; IWANT
1 ; 707 ; 27600 ; 140609718585088 ; 4 ; -1 ; IWANT
1 ; 708 ; 27600 ; 140609710192384 ; 1 ; -1 ; IWANT
1 ; 709 ; 27600 ; 140609701799680 ; 2 ; -1 ; IWANT
1 ; 710 ; 27600 ; 140609693406976 ; 5 ; -1 ; IWANT
1 ; 711 ; 27600 ; 140609685014272 ; 5 ; -1 ; IWANT
1 ; 712 ; 27600 ; 140609676621568 ; 1 ; -1 ; IWANT
1 ; 713 ; 27600 ; 140609668228864 ; 2 ; -1 ; IWANT
1 ; 714 ; 27600 ; 140609659836160 ; 1 ; -1 ; IWANT
1 ; 715 ; 27600 ; 140609651443456 ; 4 ; -1 ; IWANT
1 ; 716 ; 27600 ; 140609643050752 ; 5 ; -1 ; IWANT
1 ; 717 ; 27600 ; 140609634658048 ; 2 ; -1 ; IWANT
1 ; 718 ; 27600 ; 140609626265344 ; 5 ; -1 ; IWANT
1 ; 719 ; 27600 ; 140609617872640 ; 5 ; -1 ; IWANT
1 ; 720 ; 27600 ; 140609609479936 ; 4 ; -1 ; IWANT
1 ; 721 ; 27600 ; 140609601087232 ; 3 ; -1 ; IWANT
1 ; 723 ; 27600 ; 140609584301824 ; 2 ; -1 ; IWANT
1 ; 722 ; 27600 ; 140609592694528 ; 2 ; -1 ; IWANT
1 ; 724 ; 27600 ; 140609575909120 ; 3 ; -1 ; IWANT
1 ; 725 ; 27600 ; 140609567516416 ; 3 ; -1 ; IWANT
1 ; 726 ; 27600 ; 140609559123712 ; 3 ; -1 ; IWANT
1 ; 727 ; 27600 ; 140609550731008 ; 2 ; -1 ; IWANT
1 ; 728 ; 27600 ; 140609542338304 ; 5 ; -1 ; IWANT
1 ; 729 ; 27600 ; 140609533945600 ; 2 ; -1 ; IWANT
1 ; 730 ; 27600 ; 140609525552896 ; 3 ; -1 ; IWANT
1 ; 731 ; 27600 ; 140609517160192 ; 4 ; -1 ; IWANT
1 ; 732 ; 27600 ; 140609508767488 ; 4 ; -1 ; IWANT
1 ; 733 ; 27600 ; 140609500374784 ; 5 ; -1 ; IWANT
1 ; 734 ; 27600 ; 140609491982080 ; 4 ; -1 ; IWANT
1 ; 735 ; 27600 ; 140609483589376 ; 4 ; -1 ; IWANT
1 ; 736 ; 27600 ; 140609475196672 ; 4 ; -1 ; IWANT
1 ; 737 ; 27600 ; 140609466803968 ; 5 ; -1 ; IWANT
1 ; 738 ; 27600 ; 140609458411264 ; 2 ; -1 ; IWANT
1 ; 739 ; 27600 ; 140609450018560 ; 5 ; -1 ; IWANT
1 ; 740 ; 27600 ; 140609441625856 ; 2 ; -1 ; IWANT
1 ; 741 ; 27600 ; 140609433233152 ; 1 ; -1 ; IWANT
1 ; 742 ; 27600 ; 140609424840448 ; 1 ; -1 ; IWANT
1 ; 743 ; 27600 ; 140609416447744 ; 2 ; -1 ; IWANT
1 ; 744 ; 27600 ; 140609408055040 ; 2 ; -1 ; IWANT
1 ; 745 ; 27600 ; 140609399662336 ; 2 ; -1 ; IWANT
1 ; 746 ; 27600 ; 140609391269632 ; 5 ; -1 ; IWANT
1 ; 32 ; 27600 ; 140615383660288 ; 4 ; 1 ; IAMIN
1 ; 747 ; 27600 ; 140609382876928 ; 4 ; -1 ; IWANT
1 ; 748 ; 27600 ; 140609374484224 ; 5 ; -1 ; IWANT
1 ; 749 ; 27600 ; 140609366091520 ; 2 ; -1 ; IWANT
1 ; 750 ; 27600 ; 140609357698816 ; 3 ; -1 ; IWANT
1 ; 751 ; 27600 ; 140609349306112 ; 1 ; -1 ; IWANT
1 ; 752 ; 27600 ; 140609340913408 ; 1 ; -1 ; IWANT
1 ; 753 ; 27600 ; 140609332520704 ; 1 ; -1 ; IWANT
1 ; 754 ; 27600 ; 140609324128000 ; 2 ; -1 ; IWANT
1 ; 755 ; 27600 ; 140609315735296 ; 3 ; -1 ; IWANT
1 ; 756 ; 27600 ; 140609307342592 ; 3 ; -1 ; IWANT
1 ; 757 ; 27600 ; 140609298949888 ; 1 ; -1 ; IWANT
1 ; 758 ; 27600 ; 140609290557184 ; 2 ; -1 ; IWANT
1 ; 759 ; 27600 ; 140609282164480 ; 5 ; -1 ; IWANT
1 ; 760 ; 27600 ; 140609273771776 ; 2 ; -1 ; IWANT
1 ; 761 ; 27600 ; 140609265379072 ; 4 ; -1 ; IWANT
1 ; 762 ; 27600 ; 140609256986368 ; 5 ; -1 ; IWANT
1 ; 763 ; 27600 ; 140609248593664 ; 5 ; -1 ; IWANT
1 ; 764 ; 27600 ; 140609240200960 ; 3 ; -1 ; IWANT
1 ; 765 ; 27600 ; 140609231808256 ; 3 ; -1 ; IWANT
1 ; 766 ; 27600 ; 140609223415552 ; 5 ; -1 ; IWANT
1 ; 767 ; 27600 ; 140609215022848 ; 2 ; -1 ; IWANT
1 ; 768 ; 27600 ; 140609206630144 ; 3 ; -1 ; IWANT
1 ; 769 ; 27600 ; 140609198237440 ; 2 ; -1 ; IWANT
1 ; 770 ; 27600 ; 140609189844736 ; 3 ; -1 ; IWANT
1 ; 771 ; 27600 ; 140609181452032 ; 4 ; -1 ; IWANT
1 ; 772 ; 27600 ; 140609173059328 ; 4 ; -1 ; IWANT
1 ; 773 ; 27600 ; 140609164666624 ; 5 ; -1 ; IWANT
1 ; 774 ; 27600 ; 140609156273920 ; 2 ; -1 ; IWANT
1 ; 775 ; 27600 ; 140609147881216 ; 3 ; -1 ; IWANT
1 ; 776 ; 27600 ; 140609139488512 ; 1 ; -1 ; IWANT
1 ; 777 ; 27600 ; 140609131095808 ; 4 ; -1 ; IWANT
1 ; 778 ; 27600 ; 140609122703104 ; 1 ; -1 ; IWANT
1 ; 779 ; 27600 ; 140609114310400 ; 3 ; -1 ; IWANT
1 ; 780 ; 27600 ; 140609105917696 ; 5 ; -1 ; IWANT
1 ; 781 ; 27600 ; 140609097524992 ; 5 ; -1 ; IWANT
1 ; 782 ; 27600 ; 140609089132288 ; 3 ; -1 ; IWANT
1 ; 783 ; 27600 ; 140609080739584 ; 5 ; -1 ; IWANT
1 ; 784 ; 27600 ; 140609072346880 ; 5 ; -1 ; IWANT
1 ; 785 ; 27600 ; 140609063954176 ; 1 ; -1 ; IWANT
1 ; 786 ; 27600 ; 140609055561472 ; 4 ; -1 ; IWANT
1 ; 33 ; 27600 ; 140615375267584 ; 4 ; 0 ; IAMIN
1 ; 787 ; 27600 ; 140609047168768 ; 5 ; -1 ; IWANT
1 ; 34 ; 27600 ; 140615366874880 ; 4 ; 2 ; IAMIN
1 ; 788 ; 27600 ; 140609038776064 ; 1 ; -1 ; IWANT
1 ; 789 ; 27600 ; 140609030383360 ; 5 ; -1 ; IWANT
1 ; 790 ; 27600 ; 140609021990656 ; 4 ; -1 ; IWANT
1 ; 791 ; 27600 ; 140609013597952 ; 2 ; -1 ; IWANT
1 ; 792 ; 27600 ; 140609005205248 ; 4 ; -1 ; IWANT
1 ; 793 ; 27600 ; 140608996812544 ; 3 ; -1 ; IWANT
1 ; 794 ; 27600 ; 140608988419840 ; 4 ; -1 ; IWANT
1 ; 795 ; 27600 ; 140608980027136 ; 3 ; -1 ; IWANT
1 ; 796 ; 27600 ; 140608971634432 ; 1 ; -1 ; IWANT
1 ; 797 ; 27600 ; 140608963241728 ; 3 ; -1 ; IWANT
1 ; 798 ; 27600 ; 140608954849024 ; 1 ; -1 ; IWANT
1 ; 799 ; 27600 ; 140608946456320 ; 3 ; -1 ; IWANT
1 ; 800 ; 27600 ; 140608938063616 ; 1 ; -1 ; IWANT
1 ; 801 ; 27600 ; 140608929670912 ; 5 ; -1 ; IWANT
1 ; 802 ; 27600 ; 140608921278208 ; 3 ; -1 ; IWANT
1 ; 803 ; 27600 ; 140608912885504 ; 5 ; -1 ; IWANT
1 ; 804 ; 27600 ; 140608904492800 ; 5 ; -1 ; IWANT
1 ; 805 ; 27600 ; 140608896100096 ; 4 ; -1 ; IWANT
1 ; 806 ; 27600 ; 140608887707392 ; 2 ; -1 ; IWANT
1 ; 807 ; 27600 ; 140608879314688 ; 2 ; -1 ; IWANT
1 ; 808 ; 27600 ; 140608870921984 ; 2 ; -1 ; IWANT
1 ; 809 ; 27600 ; 140608862529280 ; 4 ; -1 ; IWANT
1 ; 810 ; 27600 ; 140608854136576 ; 4 ; -1 ; IWANT
1 ; 811 ; 27600 ; 140608845743872 ; 3 ; -1 ; IWANT
1 ; 812 ; 27600 ; 140608837351168 ; 3 ; -1 ; IWANT
2 ; 813 ; 27600 ; 140608828958464 ; 1 ; -1 ; IWANT
2 ; 814 ; 27600 ; 140608820565760 ; 4 ; -1 ; IWANT
2 ; 815 ; 27600 ; 140608812173056 ; 4 ; -1 ; IWANT
2 ; 816 ; 27600 ; 140608803780352 ; 1 ; -1 ; IWANT
2 ; 817 ; 27600 ; 140608795387648 ; 3 ; -1 ; IWANT
2 ; 818 ; 27600 ; 140608786994944 ; 5 ; -1 ; IWANT
2 ; 819 ; 27600 ; 140608778602240 ; 1 ; -1 ; IWANT
2 ; 820 ; 27600 ; 140608770209536 ; 2 ; -1 ; IWANT
2 ; 821 ; 27600 ; 140608761816832 ; 3 ; -1 ; IWANT
2 ; 822 ; 27600 ; 140608753424128 ; 5 ; -1 ; IWANT
2 ; 823 ; 27600 ; 140608745031424 ; 5 ; -1 ; IWANT
2 ; 824 ; 27600 ; 140608736638720 ; 3 ; -1 ; IWANT
2 ; 825 ; 27600 ; 140608728246016 ; 3 ; -1 ; IWANT
2 ; 826 ; 27600 ; 140608719853312 ; 5 ; -1 ; IWANT
2 ; 827 ; 27600 ; 140608711460608 ; 5 ; -1 ; IWANT
2 ; 828 ; 27600 ; 140608703067904 ; 2 ; -1 ; IWANT
2 ; 829 ; 27600 ; 140608694675200 ; 5 ; -1 ; IWANT
2 ; 830 ; 27600 ; 140608686282496 ; 4 ; -1 ; IWANT
2 ; 831 ; 27600 ; 140608677889792 ; 3 ; -1 ; IWANT
2 ; 832 ; 27600 ; 140608669497088 ; 5 ; -1 ; IWANT
2 ; 833 ; 27600 ; 140608661104384 ; 1 ; -1 ; IWANT
2 ; 834 ; 27600 ; 140608652711680 ; 2 ; -1 ; IWANT
2 ; 835 ; 27600 ; 140608644318976 ; 1 ; -1 ; IWANT
2 ; 836 ; 27600 ; 140608635926272 ; 1 ; -1 ; IWANT
2 ; 837 ; 27600 ; 140608627533568 ; 5 ; -1 ; IWANT
2 ; 838 ; 27600 ; 140608619140864 ; 2 ; -1 ; IWANT
2 ; 839 ; 27600 ; 140608610748160 ; 5 ; -1 ; IWANT
2 ; 840 ; 27600 ; 140608602355456 ; 3 ; -1 ; IWANT
2 ; 841 ; 27600 ; 140608593962752 ; 1 ; -1 ; IWANT
2 ; 842 ; 27600 ; 140608585570048 ; 2 ; -1 ; IWANT
2 ; 843 ; 27600 ; 140608577177344 ; 2 ; -1 ; IWANT
2 ; 844 ; 27600 ; 140608568784640 ; 1 ; -1 ; IWANT
2 ; 845 ; 27600 ; 140608560391936 ; 1 ; -1 ; IWANT
2 ; 846 ; 27600 ; 140608551999232 ; 2 ; -1 ; IWANT
2 ; 847 ; 27600 ; 140608543606528 ; 2 ; -1 ; IWANT
2 ; 848 ; 27600 ; 140608535213824 ; 3 ; -1 ; IWANT
2 ; 849 ; 27600 ; 140608526821120 ; 2 ; -1 ; IWANT
2 ; 850 ; 27600 ; 140608518428416 ; 4 ; -1 ; IWANT
2 ; 851 ; 27600 ; 140608510035712 ; 4 ; -1 ; IWANT
2 ; 852 ; 27600 ; 140608501643008 ; 4 ; -1 ; IWANT
2 ; 853 ; 27600 ; 140608493250304 ; 5 ; -1 ; IWANT
2 ; 854 ; 27600 ; 140608484857600 ; 1 ; -1 ; IWANT
2 ; 855 ; 27600 ; 140608476464896 ; 3 ; -1 ; IWANT
2 ; 856 ; 27600 ; 140608468072192 ; 2 ; -1 ; IWANT
2 ; 857 ; 27600 ; 140608459679488 ; 2 ; -1 ; IWANT
2 ; 858 ; 27600 ; 140608451286784 ; 2 ; -1 ; IWANT
2 ; 859 ; 27600 ; 140608442894080 ; 1 ; -1 ; IWANT
2 ; 860 ; 27600 ; 140608434501376 ; 3 ; -1 ; IWANT
2 ; 861 ; 27600 ; 140608426108672 ; 5 ; -1 ; IWANT
2 ; 862 ; 27600 ; 140608417715968 ; 3 ; -1 ; IWANT
2 ; 863 ; 27600 ; 140608409323264 ; 2 ; -1 ; IWANT
2 ; 864 ; 27600 ; 140608400930560 ; 2 ; -1 ; IWANT
2 ; 865 ; 27600 ; 140608392537856 ; 1 ; -1 ; IWANT
2 ; 866 ; 27600 ; 140608384145152 ; 4 ; -1 ; IWANT
2 ; 867 ; 27600 ; 140608375752448 ; 3 ; -1 ; IWANT
2 ; 868 ; 27600 ; 140608367359744 ; 2 ; -1 ; IWANT
2 ; 35 ; 27600 ; 140615358482176 ; 5 ; 3 ; IAMIN
2 ; 869 ; 27600 ; 140608358967040 ; 1 ; -1 ; IWANT
2 ; 36 ; 27600 ; 140615350089472 ; 3 ; 4 ; IAMIN
2 ; 870 ; 27600 ; 140608350574336 ; 4 ; -1 ; IWANT
2 ; 871 ; 27600 ; 140608342181632 ; 4 ; -1 ; IWANT
2 ; 872 ; 27600 ; 140608333788928 ; 1 ; -1 ; IWANT
2 ; 873 ; 27600 ; 140608325396224 ; 5 ; -1 ; IWANT
2 ; 874 ; 27600 ; 140608317003520 ; 2 ; -1 ; IWANT
2 ; 875 ; 27600 ; 140608308610816 ; 1 ; -1 ; IWANT
2 ; 876 ; 27600 ; 140608300218112 ; 5 ; -1 ; IWANT
2 ; 877 ; 27600 ; 140608291825408 ; 3 ; -1 ; IWANT
2 ; 878 ; 27600 ; 140608283432704 ; 4 ; -1 ; IWANT
2 ; 879 ; 27600 ; 140608275040000 ; 4 ; -1 ; IWANT
2 ; 880 ; 27600 ; 140608266647296 ; 4 ; -1 ; IWANT
2 ; 881 ; 27600 ; 140608258254592 ; 5 ; -1 ; IWANT
2 ; 882 ; 27600 ; 140608249861888 ; 5 ; -1 ; IWANT
2 ; 883 ; 27600 ; 140608241469184 ; 5 ; -1 ; IWANT
2 ; 884 ; 27600 ; 140608233076480 ; 4 ; -1 ; IWANT
2 ; 885 ; 27600 ; 140608224683776 ; 2 ; -1 ; IWANT
2 ; 886 ; 27600 ; 140608216291072 ; 2 ; -1 ; IWANT
2 ; 887 ; 27600 ; 140608207898368 ; 3 ; -1 ; IWANT
2 ; 888 ; 27600 ; 140608199505664 ; 3 ; -1 ; IWANT
2 ; 889 ; 27600 ; 140608191112960 ; 1 ; -1 ; IWANT
2 ; 890 ; 27600 ; 140608182720256 ; 3 ; -1 ; IWANT
2 ; 891 ; 27600 ; 140608174327552 ; 5 ; -1 ; IWANT
2 ; 892 ; 27600 ; 140608165934848 ; 2 ; -1 ; IWANT
2 ; 893 ; 27600 ; 140608157542144 ; 5 ; -1 ; IWANT
2 ; 894 ; 27600 ; 140608149149440 ; 4 ; -1 ; IWANT
2 ; 895 ; 27600 ; 140608140756736 ; 4 ; -1 ; IWANT
2 ; 896 ; 27600 ; 140608132364032 ; 2 ; -1 ; IWANT
2 ; 897 ; 27600 ; 140608123971328 ; 2 ; -1 ; IWANT
2 ; 898 ; 27600 ; 140608115578624 ; 3 ; -1 ; IWANT
2 ; 899 ; 27600 ; 140608107185920 ; 3 ; -1 ; IWANT
2 ; 900 ; 27600 ; 140608098793216 ; 2 ; -1 ; IWANT
2 ; 901 ; 27600 ; 140608090400512 ; 1 ; -1 ; IWANT
2 ; 902 ; 27600 ; 140608082007808 ; 3 ; -1 ; IWANT
2 ; 903 ; 27600 ; 140608073615104 ; 4 ; -1 ; IWANT
2 ; 904 ; 27600 ; 140608065222400 ; 2 ; -1 ; IWANT
2 ; 905 ; 27600 ; 140608056829696 ; 4 ; -1 ; IWANT
2 ; 906 ; 27600 ; 140608048436992 ; 2 ; -1 ; IWANT
2 ; 907 ; 27600 ; 140608040044288 ; 2 ; -1 ; IWANT
2 ; 37 ; 27600 ; 140615341696768 ; 3 ; 1 ; IAMIN
2 ; 908 ; 27600 ; 140608031651584 ; 3 ; -1 ; IWANT
2 ; 909 ; 27600 ; 140608023258880 ; 5 ; -1 ; IWANT
2 ; 910 ; 27600 ; 140608014866176 ; 2 ; -1 ; IWANT
2 ; 911 ; 27600 ; 140608006473472 ; 2 ; -1 ; IWANT
2 ; 912 ; 27600 ; 140607998080768 ; 1 ; -1 ; IWANT
2 ; 913 ; 27600 ; 140607989688064 ; 1 ; -1 ; IWANT
2 ; 914 ; 27600 ; 140607981295360 ; 1 ; -1 ; IWANT
2 ; 915 ; 27600 ; 140607972902656 ; 5 ; -1 ; IWANT
2 ; 916 ; 27600 ; 140607964509952 ; 2 ; -1 ; IWANT
2 ; 917 ; 27600 ; 140607956117248 ; 4 ; -1 ; IWANT
2 ; 918 ; 27600 ; 140607947724544 ; 4 ; -1 ; IWANT
2 ; 919 ; 27600 ; 140607939331840 ; 1 ; -1 ; IWANT
2 ; 920 ; 27600 ; 140607930939136 ; 4 ; -1 ; IWANT
2 ; 921 ; 27600 ; 140607922546432 ; 1 ; -1 ; IWANT
2 ; 922 ; 27600 ; 140607914153728 ; 1 ; -1 ; IWANT
2 ; 923 ; 27600 ; 140607905761024 ; 3 ; -1 ; IWANT
2 ; 924 ; 27600 ; 140607897368320 ; 2 ; -1 ; IWANT
2 ; 925 ; 27600 ; 140607888975616 ; 1 ; -1 ; IWANT
2 ; 926 ; 27600 ; 140607880582912 ; 1 ; -1 ; IWANT
2 ; 927 ; 27600 ; 140607872190208 ; 3 ; -1 ; IWANT
2 ; 928 ; 27600 ; 140607863797504 ; 2 ; -1 ; IWANT
2 ; 929 ; 27600 ; 140607855404800 ; 5 ; -1 ; IWANT
2 ; 930 ; 27600 ; 140607847012096 ; 5 ; -1 ; IWANT
2 ; 931 ; 27600 ; 140607838619392 ; 1 ; -1 ; IWANT
2 ; 932 ; 27600 ; 140607830226688 ; 5 ; -1 ; IWANT
2 ; 933 ; 27600 ; 140607821833984 ; 4 ; -1 ; IWANT
2 ; 934 ; 27600 ; 140607813441280 ; 4 ; -1 ; IWANT
2 ; 935 ; 27600 ; 140607805048576 ; 3 ; -1 ; IWANT
2 ; 936 ; 27600 ; 140607796655872 ; 2 ; -1 ; IWANT
2 ; 937 ; 27600 ; 140607788263168 ; 5 ; -1 ; IWANT
2 ; 938 ; 27600 ; 140607779870464 ; 1 ; -1 ; IWANT
2 ; 939 ; 27600 ; 140607771477760 ; 4 ; -1 ; IWANT
2 ; 940 ; 27600 ; 140607763085056 ; 2 ; -1 ; IWANT
2 ; 941 ; 27600 ; 140607754692352 ; 3 ; -1 ; IWANT
2 ; 942 ; 27600 ; 140607746299648 ; 2 ; -1 ; IWANT
2 ; 943 ; 27600 ; 140607737906944 ; 2 ; -1 ; IWANT
2 ; 944 ; 27600 ; 140607729514240 ; 5 ; -1 ; IWANT
2 ; 945 ; 27600 ; 140607721121536 ; 4 ; -1 ; IWANT
2 ; 946 ; 27600 ; 140607712728832 ; 3 ; -1 ; IWANT
2 ; 947 ; 27600 ; 140607704336128 ; 4 ; -1 ; IWANT
2 ; 948 ; 27600 ; 140607695943424 ; 3 ; -1 ; IWANT
2 ; 38 ; 27600 ; 140615333304064 ; 3 ; 0 ; IAMIN
2 ; 949 ; 27600 ; 140607687550720 ; 1 ; -1 ; IWANT
2 ; 950 ; 27600 ; 140607679158016 ; 4 ; -1 ; IWANT
2 ; 39 ; 27600 ; 140615324911360 ; 2 ; 2 ; IAMIN
2 ; 951 ; 27600 ; 140607670765312 ; 3 ; -1 ; IWANT
2 ; 952 ; 27600 ; 140607662372608 ; 3 ; -1 ; IWANT
2 ; 953 ; 27600 ; 140607653979904 ; 1 ; -1 ; IWANT
2 ; 954 ; 27600 ; 140607645587200 ; 5 ; -1 ; IWANT
2 ; 955 ; 27600 ; 140607637194496 ; 4 ; -1 ; IWANT
2 ; 956 ; 27600 ; 140607628801792 ; 1 ; -1 ; IWANT
2 ; 957 ; 27600 ; 140607620409088 ; 2 ; -1 ; IWANT
2 ; 958 ; 27600 ; 140607612016384 ; 3 ; -1 ; IWANT
2 ; 959 ; 27600 ; 140607603623680 ; 5 ; -1 ; IWANT
2 ; 960 ; 27600 ; 140607595230976 ; 1 ; -1 ; IWANT
2 ; 961 ; 27600 ; 140607586838272 ; 4 ; -1 ; IWANT
2 ; 962 ; 27600 ; 140607578445568 ; 2 ; -1 ; IWANT
2 ; 963 ; 27600 ; 140607570052864 ; 2 ; -1 ; IWANT
2 ; 964 ; 27600 ; 140607561660160 ; 2 ; -1 ; IWANT
2 ; 965 ; 27600 ; 140607553267456 ; 5 ; -1 ; IWANT
2 ; 966 ; 27600 ; 140607544874752 ; 5 ; -1 ; IWANT
2 ; 967 ; 27600 ; 140607536482048 ; 5 ; -1 ; IWANT
2 ; 968 ; 27600 ; 140607528089344 ; 2 ; -1 ; IWANT
2 ; 969 ; 27600 ; 140607519696640 ; 5 ; -1 ; IWANT
2 ; 970 ; 27600 ; 140607511303936 ; 1 ; -1 ; IWANT
2 ; 971 ; 27600 ; 140607502911232 ; 5 ; -1 ; IWANT
2 ; 972 ; 27600 ; 140607494518528 ; 4 ; -1 ; IWANT
2 ; 973 ; 27600 ; 140607486125824 ; 2 ; -1 ; IWANT
2 ; 974 ; 27600 ; 140607477733120 ; 1 ; -1 ; IWANT
2 ; 975 ; 27600 ; 140607469340416 ; 4 ; -1 ; IWANT
2 ; 976 ; 27600 ; 140607460947712 ; 1 ; -1 ; IWANT
2 ; 977 ; 27600 ; 140607452555008 ; 1 ; -1 ; IWANT
2 ; 978 ; 27600 ; 140607444162304 ; 2 ; -1 ; IWANT
2 ; 979 ; 27600 ; 140607435769600 ; 5 ; -1 ; IWANT
2 ; 980 ; 27600 ; 140607427376896 ; 3 ; -1 ; IWANT
2 ; 981 ; 27600 ; 140607418984192 ; 5 ; -1 ; IWANT
2 ; 982 ; 27600 ; 140607410591488 ; 4 ; -1 ; IWANT
2 ; 983 ; 27600 ; 140607402198784 ; 1 ; -1 ; IWANT
2 ; 984 ; 27600 ; 140607393806080 ; 3 ; -1 ; IWANT
2 ; 985 ; 27600 ; 140607385413376 ; 1 ; -1 ; IWANT
2 ; 986 ; 27600 ; 140607377020672 ; 1 ; -1 ; IWANT
2 ; 987 ; 27600 ; 140607368627968 ; 3 ; -1 ; IWANT
2 ; 988 ; 27600 ; 140607360235264 ; 2 ; -1 ; IWANT
2 ; 989 ; 27600 ; 140607351842560 ; 4 ; -1 ; IWANT
2 ; 990 ; 27600 ; 140607343449856 ; 4 ; -1 ; IWANT
2 ; 991 ; 27600 ; 140607335057152 ; 5 ; -1 ; IWANT
2 ; 992 ; 27600 ; 140607326664448 ; 4 ; -1 ; IWANT
2 ; 993 ; 27600 ; 140607318271744 ; 5 ; -1 ; IWANT
2 ; 994 ; 27600 ; 140607309879040 ; 3 ; -1 ; IWANT
2 ; 40 ; 27600 ; 140615316518656 ; 3 ; 4 ; IAMIN
2 ; 995 ; 27600 ; 140607301486336 ; 1 ; -1 ; IWANT
2 ; 996 ; 27600 ; 140607293093632 ; 2 ; -1 ; IWANT
2 ; 997 ; 27600 ; 140607284700928 ; 2 ; -1 ; IWANT
2 ; 998 ; 27600 ; 140607276308224 ; 5 ; -1 ; IWANT
2 ; 999 ; 27600 ; 140607267915520 ; 3 ; -1 ; IWANT
2 ; 1000 ; 27600 ; 140607259522816 ; 4 ; -1 ; IWANT
2 ; 1001 ; 27600 ; 140607251130112 ; 5 ; -1 ; IWANT
2 ; 1002 ; 27600 ; 140607242737408 ; 2 ; -1 ; IWANT
2 ; 1003 ; 27600 ; 140607234344704 ; 4 ; -1 ; IWANT
2 ; 1004 ; 27600 ; 140607225952000 ; 4 ; -1 ; IWANT
2 ; 1005 ; 27600 ; 140607217559296 ; 4 ; -1 ; IWANT
2 ; 1006 ; 27600 ; 140607209166592 ; 2 ; -1 ; IWANT
2 ; 1007 ; 27600 ; 140607200773888 ; 1 ; -1 ; IWANT
2 ; 1008 ; 27600 ; 140607192381184 ; 1 ; -1 ; IWANT
2 ; 1009 ; 27600 ; 140607183988480 ; 5 ; -1 ; IWANT
2 ; 1010 ; 27600 ; 140607175595776 ; 5 ; -1 ; IWANT
2 ; 1011 ; 27600 ; 140607167203072 ; 4 ; -1 ; IWANT
2 ; 1012 ; 27600 ; 140607158810368 ; 2 ; -1 ; IWANT
2 ; 1013 ; 27600 ; 140607150417664 ; 5 ; -1 ; IWANT
2 ; 1014 ; 27600 ; 140607142024960 ; 1 ; -1 ; IWANT
2 ; 1015 ; 27600 ; 140607133632256 ; 4 ; -1 ; IWANT
2 ; 1016 ; 27600 ; 140607125239552 ; 5 ; -1 ; IWANT
2 ; 1017 ; 27600 ; 140607116846848 ; 1 ; -1 ; IWANT
2 ; 1018 ; 27600 ; 140607108454144 ; 3 ; -1 ; IWANT
2 ; 1019 ; 27600 ; 140607100061440 ; 2 ; -1 ; IWANT
2 ; 1020 ; 27600 ; 140607091668736 ; 1 ; -1 ; IWANT
2 ; 1021 ; 27600 ; 140607083276032 ; 2 ; -1 ; IWANT
2 ; 1022 ; 27600 ; 140607074883328 ; 3 ; -1 ; IWANT
2 ; 1023 ; 27600 ; 140607066490624 ; 5 ; -1 ; IWANT
2 ; 1024 ; 27600 ; 140607058097920 ; 1 ; -1 ; IWANT
2 ; 1025 ; 27600 ; 140607049705216 ; 5 ; -1 ; IWANT
2 ; 1026 ; 27600 ; 140607041312512 ; 5 ; -1 ; IWANT
2 ; 1027 ; 27600 ; 140607032919808 ; 4 ; -1 ; IWANT
2 ; 1028 ; 27600 ; 140607024527104 ; 4 ; -1 ; IWANT
2 ; 1029 ; 27600 ; 140607016134400 ; 1 ; -1 ; IWANT
2 ; 1030 ; 27600 ; 140607007741696 ; 1 ; -1 ; IWANT
2 ; 1031 ; 27600 ; 140606999348992 ; 4 ; -1 ; IWANT
2 ; 1032 ; 27600 ; 140606990956288 ; 3 ; -1 ; IWANT
2 ; 41 ; 27600 ; 140615308125952 ; 5 ; 1 ; IAMIN
2 ; 1033 ; 27600 ; 140606982563584 ; 4 ; -1 ; IWANT
2 ; 42 ; 27600 ; 140615299733248 ; 5 ; 2 ; IAMIN
2 ; 1034 ; 27600 ; 140606974170880 ; 2 ; -1 ; IWANT
2 ; 1035 ; 27600 ; 140606965778176 ; 1 ; -1 ; IWANT
2 ; 1036 ; 27600 ; 140606957385472 ; 5 ; -1 ; IWANT
2 ; 1037 ; 27600 ; 140606948992768 ; 4 ; -1 ; IWANT
2 ; 1038 ; 27600 ; 140606940600064 ; 3 ; -1 ; IWANT
2 ; 1039 ; 27600 ; 140606932207360 ; 5 ; -1 ; IWANT
2 ; 1041 ; 27600 ; 140606915421952 ; 3 ; -1 ; IWANT
2 ; 1040 ; 27600 ; 140606923814656 ; 2 ; -1 ; IWANT
2 ; 1042 ; 27600 ; 140606907029248 ; 5 ; -1 ; IWANT
2 ; 1043 ; 27600 ; 140606898636544 ; 4 ; -1 ; IWANT
2 ; 1044 ; 27600 ; 140606890243840 ; 1 ; -1 ; IWANT
2 ; 1045 ; 27600 ; 140606881851136 ; 5 ; -1 ; IWANT
2 ; 1046 ; 27600 ; 140606873458432 ; 4 ; -1 ; IWANT
2 ; 1047 ; 27600 ; 140606865065728 ; 3 ; -1 ; IWANT
2 ; 1048 ; 27600 ; 140606856673024 ; 1 ; -1 ; IWANT
2 ; 1049 ; 27600 ; 140606848280320 ; 2 ; -1 ; IWANT
2 ; 1050 ; 27600 ; 140606839887616 ; 1 ; -1 ; IWANT
2 ; 1051 ; 27600 ; 140606831494912 ; 1 ; -1 ; IWANT
2 ; 1052 ; 27600 ; 140606823102208 ; 5 ; -1 ; IWANT
2 ; 1053 ; 27600 ; 140606814709504 ; 3 ; -1 ; IWANT
2 ; 1054 ; 27600 ; 140606806316800 ; 2 ; -1 ; IWANT
2 ; 1055 ; 27600 ; 140606797924096 ; 5 ; -1 ; IWANT
2 ; 1056 ; 27600 ; 140606789531392 ; 2 ; -1 ; IWANT
2 ; 1057 ; 27600 ; 140606781138688 ; 1 ; -1 ; IWANT
2 ; 1058 ; 27600 ; 140606772745984 ; 1 ; -1 ; IWANT
2 ; 1059 ; 27600 ; 140606764353280 ; 5 ; -1 ; IWANT
2 ; 1060 ; 27600 ; 140606755960576 ; 4 ; -1 ; IWANT
2 ; 1061 ; 27600 ; 140606747567872 ; 1 ; -1 ; IWANT
2 ; 1062 ; 27600 ; 140606739175168 ; 5 ; -1 ; IWANT
2 ; 1063 ; 27600 ; 140606730782464 ; 1 ; -1 ; IWANT
2 ; 1065 ; 27600 ; 140606713997056 ; 2 ; -1 ; IWANT
2 ; 1064 ; 27600 ; 140606722389760 ; 2 ; -1 ; IWANT
2 ; 1068 ; 27600 ; 140606688818944 ; 3 ; -1 ; IWANT
2 ; 1066 ; 27600 ; 140606705604352 ; 1 ; -1 ; IWANT
2 ; 43 ; 27600 ; 140615291340544 ; 5 ; 0 ; IAMIN
2 ; 1067 ; 27600 ; 140606697211648 ; 2 ; -1 ; IWANT
2 ; 44 ; 27600 ; 140615282947840 ; 1 ; 3 ; IAMIN
2 ; 1070 ; 27600 ; 140606672033536 ; 5 ; -1 ; IWANT
2 ; 1069 ; 27600 ; 140606680426240 ; 2 ; -1 ; IWANT
2 ; 1071 ; 27600 ; 140606663640832 ; 4 ; -1 ; IWANT
2 ; 1073 ; 27600 ; 140606646855424 ; 3 ; -1 ; IWANT
2 ; 1076 ; 27600 ; 140606621677312 ; 2 ; -1 ; IWANT
2 ; 1072 ; 27600 ; 140606655248128 ; 5 ; -1 ; IWANT
2 ; 1074 ; 27600 ; 140606638462720 ; 5 ; -1 ; IWANT
2 ; 1080 ; 27600 ; 140606588106496 ; 1 ; -1 ; IWANT
2 ; 1079 ; 27600 ; 140606596499200 ; 5 ; -1 ; IWANT
2 ; 1085 ; 27600 ; 140606546142976 ; 2 ; -1 ; IWANT
2 ; 1084 ; 27600 ; 140606554535680 ; 3 ; -1 ; IWANT
2 ; 1082 ; 27600 ; 140606571321088 ; 2 ; -1 ; IWANT
2 ; 1077 ; 27600 ; 140606613284608 ; 1 ; -1 ; IWANT
2 ; 1081 ; 27600 ; 140606579713792 ; 4 ; -1 ; IWANT
2 ; 1078 ; 27600 ; 140606604891904 ; 5 ; -1 ; IWANT
2 ; 1087 ; 27600 ; 140606529357568 ; 1 ; -1 ; IWANT
2 ; 1088 ; 27600 ; 140606520964864 ; 2 ; -1 ; IWANT
2 ; 1083 ; 27600 ; 140606562928384 ; 3 ; -1 ; IWANT
2 ; 1075 ; 27600 ; 140606630070016 ; 5 ; -1 ; IWANT
2 ; 1089 ; 27600 ; 140606512572160 ; 3 ; -1 ; IWANT
2 ; 1086 ; 27600 ; 140606537750272 ; 2 ; -1 ; IWANT
2 ; 1091 ; 27600 ; 140606495786752 ; 4 ; -1 ; IWANT
2 ; 1093 ; 27600 ; 140606479001344 ; 3 ; -1 ; IWANT
2 ; 1090 ; 27600 ; 140606504179456 ; 4 ; -1 ; IWANT
2 ; 1092 ; 27600 ; 140606487394048 ; 4 ; -1 ; IWANT
2 ; 1096 ; 27600 ; 140606453823232 ; 5 ; -1 ; IWANT
2 ; 1097 ; 27600 ; 140606445430528 ; 2 ; -1 ; IWANT
2 ; 1094 ; 27600 ; 140606470608640 ; 5 ; -1 ; IWANT
2 ; 1100 ; 27600 ; 140606420252416 ; 2 ; -1 ; IWANT
2 ; 1095 ; 27600 ; 140606462215936 ; 2 ; -1 ; IWANT
2 ; 1101 ; 27600 ; 140606411859712 ; 1 ; -1 ; IWANT
2 ; 1098 ; 27600 ; 140606437037824 ; 3 ; -1 ; IWANT
2 ; 1104 ; 27600 ; 140606386681600 ; 4 ; -1 ; IWANT
2 ; 1099 ; 27600 ; 140606428645120 ; 1 ; -1 ; IWANT
2 ; 1103 ; 27600 ; 140606395074304 ; 2 ; -1 ; IWANT
2 ; 1102 ; 27600 ; 140606403467008 ; 5 ; -1 ; IWANT
2 ; 1106 ; 27600 ; 140606369896192 ; 2 ; -1 ; IWANT
2 ; 1105 ; 27600 ; 140606378288896 ; 1 ; -1 ; IWANT
2 ; 45 ; 27600 ; 140615274555136 ; 2 ; 4 ; IAMIN
2 ; 1107 ; 27600 ; 140606361503488 ; 5 ; -1 ; IWANT
2 ; 1110 ; 27600 ; 140606336325376 ; 4 ; -1 ; IWANT
2 ; 46 ; 27600 ; 140615266162432 ; 1 ; 3 ; IAMIN
2 ; 1113 ; 27600 ; 140606311147264 ; 5 ; -1 ; IWANT
2 ; 1108 ; 27600 ; 140606353110784 ; 3 ; -1 ; IWANT
2 ; 1111 ; 27600 ; 140606327932672 ; 1 ; -1 ; IWANT
2 ; 1109 ; 27600 ; 140606344718080 ; 3 ; -1 ; IWANT
2 ; 1114 ; 27600 ; 140606302754560 ; 3 ; -1 ; IWANT
2 ; 1112 ; 27600 ; 140606319539968 ; 3 ; -1 ; IWANT
2 ; 1115 ; 27600 ; 140606294361856 ; 4 ; -1 ; IWANT
2 ; 1116 ; 27600 ; 140606285969152 ; 4 ; -1 ; IWANT
2 ; 1117 ; 27600 ; 140606277576448 ; 1 ; -1 ; IWANT
2 ; 1120 ; 27600 ; 140606252398336 ; 3 ; -1 ; IWANT
2 ; 1119 ; 27600 ; 140606260791040 ; 3 ; -1 ; IWANT
2 ; 1118 ; 27600 ; 140606269183744 ; 2 ; -1 ; IWANT
2 ; 1121 ; 27600 ; 140606244005632 ; 1 ; -1 ; IWANT
2 ; 1123 ; 27600 ; 140606227220224 ; 5 ; -1 ; IWANT
2 ; 1124 ; 27600 ; 140606218827520 ; 2 ; -1 ; IWANT
2 ; 1126 ; 27600 ; 140606202042112 ; 1 ; -1 ; IWANT
2 ; 1127 ; 27600 ; 140606193649408 ; 4 ; -1 ; IWANT
2 ; 1130 ; 27600 ; 140606168471296 ; 4 ; -1 ; IWANT
2 ; 1122 ; 27600 ; 140606235612928 ; 2 ; -1 ; IWANT
2 ; 1128 ; 27600 ; 140606185256704 ; 2 ; -1 ; IWANT
2 ; 1136 ; 27600 ; 140606118115072 ; 2 ; -1 ; IWANT
2 ; 1125 ; 27600 ; 140606210434816 ; 4 ; -1 ; IWANT
2 ; 1131 ; 27600 ; 140606160078592 ; 1 ; -1 ; IWANT
2 ; 1129 ; 27600 ; 140606176864000 ; 5 ; -1 ; IWANT
2 ; 1137 ; 27600 ; 140606109722368 ; 2 ; -1 ; IWANT
2 ; 1135 ; 27600 ; 140606126507776 ; 1 ; -1 ; IWANT
2 ; 1132 ; 27600 ; 140606151685888 ; 2 ; -1 ; IWANT
2 ; 1141 ; 27600 ; 140606076151552 ; 5 ; -1 ; IWANT
2 ; 1133 ; 27600 ; 140606143293184 ; 5 ; -1 ; IWANT
2 ; 1134 ; 27600 ; 140606134900480 ; 3 ; -1 ; IWANT
2 ; 1139 ; 27600 ; 140606092936960 ; 3 ; -1 ; IWANT
2 ; 1142 ; 27600 ; 140606067758848 ; 1 ; -1 ; IWANT
2 ; 1144 ; 27600 ; 140606050973440 ; 2 ; -1 ; IWANT
2 ; 1145 ; 27600 ; 140606042580736 ; 4 ; -1 ; IWANT
2 ; 1138 ; 27600 ; 140606101329664 ; 5 ; -1 ; IWANT
2 ; 47 ; 27600 ; 140615257769728 ; 4 ; 3 ; IAMIN
2 ; 1140 ; 27600 ; 140606084544256 ; 1 ; -1 ; IWANT
2 ; 1146 ; 27600 ; 140606034188032 ; 1 ; -1 ; IWANT
2 ; 1143 ; 27600 ; 140606059366144 ; 3 ; -1 ; IWANT
2 ; 1148 ; 27600 ; 140606017402624 ; 1 ; -1 ; IWANT
2 ; 1147 ; 27600 ; 140606025795328 ; 1 ; -1 ; IWANT
2 ; 1149 ; 27600 ; 140606009009920 ; 2 ; -1 ; IWANT
2 ; 1153 ; 27600 ; 140605975439104 ; 4 ; -1 ; IWANT
2 ; 1152 ; 27600 ; 140605983831808 ; 4 ; -1 ; IWANT
2 ; 1158 ; 27600 ; 140605933475584 ; 5 ; -1 ; IWANT
2 ; 1151 ; 27600 ; 140605992224512 ; 5 ; -1 ; IWANT
2 ; 1150 ; 27600 ; 140606000617216 ; 2 ; -1 ; IWANT
2 ; 1154 ; 27600 ; 140605967046400 ; 5 ; -1 ; IWANT
2 ; 1156 ; 27600 ; 140605950260992 ; 1 ; -1 ; IWANT
2 ; 1159 ; 27600 ; 140605925082880 ; 5 ; -1 ; IWANT
2 ; 1157 ; 27600 ; 140605941868288 ; 2 ; -1 ; IWANT
2 ; 1160 ; 27600 ; 140605916690176 ; 4 ; -1 ; IWANT
2 ; 1161 ; 27600 ; 140605908297472 ; 4 ; -1 ; IWANT
2 ; 1165 ; 27600 ; 140605874726656 ; 2 ; -1 ; IWANT
2 ; 1162 ; 27600 ; 140605899904768 ; 5 ; -1 ; IWANT
2 ; 1155 ; 27600 ; 140605958653696 ; 5 ; -1 ; IWANT
2 ; 1164 ; 27600 ; 140605883119360 ; 3 ; -1 ; IWANT
2 ; 1166 ; 27600 ; 140605866333952 ; 3 ; -1 ; IWANT
2 ; 1167 ; 27600 ; 140605857941248 ; 1 ; -1 ; IWANT
2 ; 1163 ; 27600 ; 140605891512064 ; 3 ; -1 ; IWANT
2 ; 1174 ; 27600 ; 140605799192320 ; 4 ; -1 ; IWANT
2 ; 1171 ; 27600 ; 140605824370432 ; 5 ; -1 ; IWANT
2 ; 1168 ; 27600 ; 140605849548544 ; 5 ; -1 ; IWANT
2 ; 1169 ; 27600 ; 140605841155840 ; 4 ; -1 ; IWANT
2 ; 1173 ; 27600 ; 140605807585024 ; 1 ; -1 ; IWANT
2 ; 1170 ; 27600 ; 140605832763136 ; 5 ; -1 ; IWANT
2 ; 1175 ; 27600 ; 140605790799616 ; 4 ; -1 ; IWANT
2 ; 48 ; 27600 ; 140615249377024 ; 3 ; 4 ; IAMIN
2 ; 1177 ; 27600 ; 140605774014208 ; 1 ; -1 ; IWANT
2 ; 1178 ; 27600 ; 140605765621504 ; 5 ; -1 ; IWANT
2 ; 1179 ; 27600 ; 140605757228800 ; 3 ; -1 ; IWANT
2 ; 1172 ; 27600 ; 140605815977728 ; 1 ; -1 ; IWANT
2 ; 1176 ; 27600 ; 140605782406912 ; 2 ; -1 ; IWANT
2 ; 1181 ; 27600 ; 140605740443392 ; 5 ; -1 ; IWANT
2 ; 1180 ; 27600 ; 140605748836096 ; 1 ; -1 ; IWANT
2 ; 1184 ; 27600 ; 140605715265280 ; 5 ; -1 ; IWANT
2 ; 1188 ; 27600 ; 140605681694464 ; 3 ; -1 ; IWANT
2 ; 1185 ; 27600 ; 140605706872576 ; 4 ; -1 ; IWANT
2 ; 1182 ; 27600 ; 140605732050688 ; 4 ; -1 ; IWANT
2 ; 1183 ; 27600 ; 140605723657984 ; 5 ; -1 ; IWANT
2 ; 1187 ; 27600 ; 140605690087168 ; 3 ; -1 ; IWANT
2 ; 1186 ; 27600 ; 140605698479872 ; 3 ; -1 ; IWANT
2 ; 1196 ; 27600 ; 140605614552832 ; 3 ; -1 ; IWANT
3 ; 1197 ; 27600 ; 140605606160128 ; 3 ; -1 ; IWANT
3 ; 1190 ; 27600 ; 140605664909056 ; 3 ; -1 ; IWANT
3 ; 1193 ; 27600 ; 140605639730944 ; 5 ; -1 ; IWANT
3 ; 1189 ; 27600 ; 140605673301760 ; 4 ; -1 ; IWANT
3 ; 1191 ; 27600 ; 140605656516352 ; 3 ; -1 ; IWANT
3 ; 1198 ; 27600 ; 140605597767424 ; 2 ; -1 ; IWANT
3 ; 1194 ; 27600 ; 140605631338240 ; 3 ; -1 ; IWANT
3 ; 1192 ; 27600 ; 140605648123648 ; 2 ; -1 ; IWANT
3 ; 1195 ; 27600 ; 140605622945536 ; 1 ; -1 ; IWANT
3 ; 1199 ; 27600 ; 140605589374720 ; 2 ; -1 ; IWANT
3 ; 1200 ; 27600 ; 140605580982016 ; 2 ; -1 ; IWANT
3 ; 1204 ; 27600 ; 140605547411200 ; 3 ; -1 ; IWANT
3 ; 1202 ; 27600 ; 140605564196608 ; 1 ; -1 ; IWANT
3 ; 49 ; 27600 ; 140615240984320 ; 5 ; 1 ; IAMIN
3 ; 1201 ; 27600 ; 140605572589312 ; 4 ; -1 ; IWANT
3 ; 1206 ; 27600 ; 140605530625792 ; 2 ; -1 ; IWANT
3 ; 1203 ; 27600 ; 140605555803904 ; 3 ; -1 ; IWANT
3 ; 50 ; 27600 ; 140615232591616 ; 1 ; 2 ; IAMIN
3 ; 1208 ; 27600 ; 140605513840384 ; 4 ; -1 ; IWANT
3 ; 1205 ; 27600 ; 140605539018496 ; 2 ; -1 ; IWANT
3 ; 1212 ; 27600 ; 140605480269568 ; 5 ; -1 ; IWANT
3 ; 1232 ; 27600 ; 140605312415488 ; 5 ; -1 ; IWANT
3 ; 1209 ; 27600 ; 140605505447680 ; 1 ; -1 ; IWANT
3 ; 1207 ; 27600 ; 140605522233088 ; 1 ; -1 ; IWANT
3 ; 1213 ; 27600 ; 140605471876864 ; 5 ; -1 ; IWANT
3 ; 1217 ; 27600 ; 140605438306048 ; 1 ; -1 ; IWANT
3 ; 1214 ; 27600 ; 140605463484160 ; 4 ; -1 ; IWANT
3 ; 1218 ; 27600 ; 140605429913344 ; 1 ; -1 ; IWANT
3 ; 1215 ; 27600 ; 140605455091456 ; 3 ; -1 ; IWANT
3 ; 1210 ; 27600 ; 140605497054976 ; 3 ; -1 ; IWANT
3 ; 1219 ; 27600 ; 140605421520640 ; 5 ; -1 ; IWANT
3 ; 1211 ; 27600 ; 140605488662272 ; 2 ; -1 ; IWANT
3 ; 1234 ; 27600 ; 140605295630080 ; 5 ; -1 ; IWANT
3 ; 1221 ; 27600 ; 140605404735232 ; 2 ; -1 ; IWANT
3 ; 1216 ; 27600 ; 140605446698752 ; 2 ; -1 ; IWANT
3 ; 1222 ; 27600 ; 140605396342528 ; 4 ; -1 ; IWANT
3 ; 1226 ; 27600 ; 140605362771712 ; 1 ; -1 ; IWANT
3 ; 1220 ; 27600 ; 140605413127936 ; 4 ; -1 ; IWANT
3 ; 1229 ; 27600 ; 140605337593600 ; 3 ; -1 ; IWANT
3 ; 1223 ; 27600 ; 140605387949824 ; 4 ; -1 ; IWANT
3 ; 1225 ; 27600 ; 140605371164416 ; 3 ; -1 ; IWANT
3 ; 1228 ; 27600 ; 140605345986304 ; 3 ; -1 ; IWANT
3 ; 1224 ; 27600 ; 140605379557120 ; 5 ; -1 ; IWANT
3 ; 1235 ; 27600 ; 140605287237376 ; 1 ; -1 ; IWANT
3 ; 1227 ; 27600 ; 140605354379008 ; 2 ; -1 ; IWANT
3 ; 1237 ; 27600 ; 140605270451968 ; 4 ; -1 ; IWANT
3 ; 1231 ; 27600 ; 140605320808192 ; 5 ; -1 ; IWANT
3 ; 1230 ; 27600 ; 140605329200896 ; 4 ; -1 ; IWANT
3 ; 1238 ; 27600 ; 140605262059264 ; 4 ; -1 ; IWANT
3 ; 1233 ; 27600 ; 140605304022784 ; 2 ; -1 ; IWANT
3 ; 1242 ; 27600 ; 140605228488448 ; 5 ; -1 ; IWANT
3 ; 1243 ; 27600 ; 140605220095744 ; 1 ; -1 ; IWANT
3 ; 51 ; 27600 ; 140615224198912 ; 1 ; 0 ; IAMIN
3 ; 1264 ; 27600 ; 140605043848960 ; 1 ; -1 ; IWANT
3 ; 1236 ; 27600 ; 140605278844672 ; 4 ; -1 ; IWANT
3 ; 52 ; 27600 ; 140615215806208 ; 1 ; 2 ; IAMIN
3 ; 1248 ; 27600 ; 140605178132224 ; 3 ; -1 ; IWANT
3 ; 1240 ; 27600 ; 140605245273856 ; 4 ; -1 ; IWANT
3 ; 1254 ; 27600 ; 140605127776000 ; 5 ; -1 ; IWANT
3 ; 1239 ; 27600 ; 140605253666560 ; 4 ; -1 ; IWANT
3 ; 1241 ; 27600 ; 140605236881152 ; 1 ; -1 ; IWANT
3 ; 1244 ; 27600 ; 140605211703040 ; 4 ; -1 ; IWANT
3 ; 1245 ; 27600 ; 140605203310336 ; 5 ; -1 ; IWANT
3 ; 1269 ; 27600 ; 140605001885440 ; 3 ; -1 ; IWANT
3 ; 1246 ; 27600 ; 140605194917632 ; 3 ; -1 ; IWANT
3 ; 1247 ; 27600 ; 140605186524928 ; 2 ; -1 ; IWANT
3 ; 1249 ; 27600 ; 140605169739520 ; 2 ; -1 ; IWANT
3 ; 1252 ; 27600 ; 140605144561408 ; 4 ; -1 ; IWANT
3 ; 1270 ; 27600 ; 140604993492736 ; 3 ; -1 ; IWANT
3 ; 1271 ; 27600 ; 140604985100032 ; 4 ; -1 ; IWANT
3 ; 1250 ; 27600 ; 140605161346816 ; 2 ; -1 ; IWANT
3 ; 1251 ; 27600 ; 140605152954112 ; 5 ; -1 ; IWANT
3 ; 1273 ; 27600 ; 140604968314624 ; 2 ; -1 ; IWANT
3 ; 1255 ; 27600 ; 140605119383296 ; 1 ; -1 ; IWANT
3 ; 1274 ; 27600 ; 140604959921920 ; 4 ; -1 ; IWANT
3 ; 1257 ; 27600 ; 140605102597888 ; 1 ; -1 ; IWANT
3 ; 1258 ; 27600 ; 140605094205184 ; 1 ; -1 ; IWANT
3 ; 1275 ; 27600 ; 140604951529216 ; 4 ; -1 ; IWANT
3 ; 1253 ; 27600 ; 140605136168704 ; 5 ; -1 ; IWANT
3 ; 1277 ; 27600 ; 140604934743808 ; 4 ; -1 ; IWANT
3 ; 1259 ; 27600 ; 140605085812480 ; 2 ; -1 ; IWANT
3 ; 1262 ; 27600 ; 140605060634368 ; 5 ; -1 ; IWANT
3 ; 1256 ; 27600 ; 140605110990592 ; 4 ; -1 ; IWANT
3 ; 1278 ; 27600 ; 140604926351104 ; 1 ; -1 ; IWANT
3 ; 1279 ; 27600 ; 140604917958400 ; 5 ; -1 ; IWANT
3 ; 1261 ; 27600 ; 140605069027072 ; 4 ; -1 ; IWANT
3 ; 1260 ; 27600 ; 140605077419776 ; 1 ; -1 ; IWANT
3 ; 1266 ; 27600 ; 140605027063552 ; 5 ; -1 ; IWANT
3 ; 1263 ; 27600 ; 140605052241664 ; 5 ; -1 ; IWANT
3 ; 1267 ; 27600 ; 140605018670848 ; 1 ; -1 ; IWANT
3 ; 1268 ; 27600 ; 140605010278144 ; 5 ; -1 ; IWANT
3 ; 1281 ; 27600 ; 140604901172992 ; 5 ; -1 ; IWANT
3 ; 1265 ; 27600 ; 140605035456256 ; 2 ; -1 ; IWANT
3 ; 1282 ; 27600 ; 140604892780288 ; 1 ; -1 ; IWANT
3 ; 1276 ; 27600 ; 140604943136512 ; 5 ; -1 ; IWANT
3 ; 1272 ; 27600 ; 140604976707328 ; 3 ; -1 ; IWANT
3 ; 53 ; 27600 ; 140615207413504 ; 5 ; 0 ; IAMIN
3 ; 1280 ; 27600 ; 140604909565696 ; 3 ; -1 ; IWANT
3 ; 1294 ; 27600 ; 140604792067840 ; 1 ; -1 ; IWANT
3 ; 54 ; 27600 ; 140615199020800 ; 4 ; 2 ; IAMIN
3 ; 1284 ; 27600 ; 140604875994880 ; 3 ; -1 ; IWANT
3 ; 55 ; 27600 ; 140615190628096 ; 3 ; 3 ; IAMIN
3 ; 56 ; 27600 ; 140615182235392 ; 4 ; 4 ; IAMIN
3 ; 1285 ; 27600 ; 140604867602176 ; 5 ; -1 ; IWANT
3 ; 1329 ; 27600 ; 140604498323200 ; 4 ; -1 ; IWANT
3 ; 1287 ; 27600 ; 140604850816768 ; 4 ; -1 ; IWANT
3 ; 1283 ; 27600 ; 140604884387584 ; 1 ; -1 ; IWANT
3 ; 1290 ; 27600 ; 140604825638656 ; 2 ; -1 ; IWANT
3 ; 1288 ; 27600 ; 140604842424064 ; 2 ; -1 ; IWANT
3 ; 1297 ; 27600 ; 140604766889728 ; 1 ; -1 ; IWANT
3 ; 1289 ; 27600 ; 140604834031360 ; 4 ; -1 ; IWANT
3 ; 1286 ; 27600 ; 140604859209472 ; 1 ; -1 ; IWANT
3 ; 1302 ; 27600 ; 140604724926208 ; 2 ; -1 ; IWANT
3 ; 1291 ; 27600 ; 140604817245952 ; 3 ; -1 ; IWANT
3 ; 1304 ; 27600 ; 140604708140800 ; 1 ; -1 ; IWANT
3 ; 1292 ; 27600 ; 140604808853248 ; 3 ; -1 ; IWANT
3 ; 1293 ; 27600 ; 140604800460544 ; 5 ; -1 ; IWANT
3 ; 1295 ; 27600 ; 140604783675136 ; 4 ; -1 ; IWANT
3 ; 1298 ; 27600 ; 140604758497024 ; 5 ; -1 ; IWANT
3 ; 1309 ; 27600 ; 140604666177280 ; 4 ; -1 ; IWANT
3 ; 1296 ; 27600 ; 140604775282432 ; 3 ; -1 ; IWANT
3 ; 1299 ; 27600 ; 140604750104320 ; 5 ; -1 ; IWANT
3 ; 1300 ; 27600 ; 140604741711616 ; 5 ; -1 ; IWANT
3 ; 1311 ; 27600 ; 140604649391872 ; 2 ; -1 ; IWANT
3 ; 1303 ; 27600 ; 140604716533504 ; 2 ; -1 ; IWANT
3 ; 1312 ; 27600 ; 140604640999168 ; 4 ; -1 ; IWANT
3 ; 1301 ; 27600 ; 140604733318912 ; 3 ; -1 ; IWANT
3 ; 1307 ; 27600 ; 140604682962688 ; 5 ; -1 ; IWANT
3 ; 1314 ; 27600 ; 140604624213760 ; 5 ; -1 ; IWANT
3 ; 1305 ; 27600 ; 140604699748096 ; 2 ; -1 ; IWANT
3 ; 1306 ; 27600 ; 140604691355392 ; 2 ; -1 ; IWANT
3 ; 1321 ; 27600 ; 140604565464832 ; 5 ; -1 ; IWANT
3 ; 1308 ; 27600 ; 140604674569984 ; 4 ; -1 ; IWANT
3 ; 1325 ; 27600 ; 140604531894016 ; 5 ; -1 ; IWANT
3 ; 1326 ; 27600 ; 140604523501312 ; 1 ; -1 ; IWANT
3 ; 1310 ; 27600 ; 140604657784576 ; 4 ; -1 ; IWANT
3 ; 1319 ; 27600 ; 140604582250240 ; 5 ; -1 ; IWANT
3 ; 1313 ; 27600 ; 140604632606464 ; 4 ; -1 ; IWANT
3 ; 1316 ; 27600 ; 140604607428352 ; 5 ; -1 ; IWANT
3 ; 1315 ; 27600 ; 140604615821056 ; 1 ; -1 ; IWANT
3 ; 1317 ; 27600 ; 140604599035648 ; 5 ; -1 ; IWANT
3 ; 1318 ; 27600 ; 140604590642944 ; 4 ; -1 ; IWANT
3 ; 1320 ; 27600 ; 140604573857536 ; 1 ; -1 ; IWANT
3 ; 1330 ; 27600 ; 140604489930496 ; 1 ; -1 ; IWANT
3 ; 1347 ; 27600 ; 140604347254528 ; 3 ; -1 ; IWANT
3 ; 1348 ; 27600 ; 140604338861824 ; 4 ; -1 ; IWANT
3 ; 1349 ; 27600 ; 140604330469120 ; 3 ; -1 ; IWANT
3 ; 1323 ; 27600 ; 140604548679424 ; 2 ; -1 ; IWANT
3 ; 1322 ; 27600 ; 140604557072128 ; 2 ; -1 ; IWANT
3 ; 1324 ; 27600 ; 140604540286720 ; 4 ; -1 ; IWANT
3 ; 1327 ; 27600 ; 140604515108608 ; 3 ; -1 ; IWANT
3 ; 1356 ; 27600 ; 140604271720192 ; 1 ; -1 ; IWANT
3 ; 1357 ; 27600 ; 140604263327488 ; 5 ; -1 ; IWANT
3 ; 1358 ; 27600 ; 140604254934784 ; 2 ; -1 ; IWANT
3 ; 1359 ; 27600 ; 140604246542080 ; 4 ; -1 ; IWANT
3 ; 1360 ; 27600 ; 140604238149376 ; 2 ; -1 ; IWANT
3 ; 1353 ; 27600 ; 140604296898304 ; 3 ; -1 ; IWANT
3 ; 1354 ; 27600 ; 140604288505600 ; 2 ; -1 ; IWANT
3 ; 1328 ; 27600 ; 140604506715904 ; 1 ; -1 ; IWANT
3 ; 1361 ; 27600 ; 140604229756672 ; 2 ; -1 ; IWANT
3 ; 1336 ; 27600 ; 140604439574272 ; 3 ; -1 ; IWANT
3 ; 1338 ; 27600 ; 140604422788864 ; 4 ; -1 ; IWANT
3 ; 1339 ; 27600 ; 140604414396160 ; 3 ; -1 ; IWANT
3 ; 1363 ; 27600 ; 140604212971264 ; 4 ; -1 ; IWANT
3 ; 1355 ; 27600 ; 140604280112896 ; 3 ; -1 ; IWANT
3 ; 1364 ; 27600 ; 140604204578560 ; 4 ; -1 ; IWANT
3 ; 1365 ; 27600 ; 140604196185856 ; 2 ; -1 ; IWANT
3 ; 1366 ; 27600 ; 140604187793152 ; 5 ; -1 ; IWANT
3 ; 1362 ; 27600 ; 140604221363968 ; 2 ; -1 ; IWANT
3 ; 1343 ; 27600 ; 140604380825344 ; 4 ; -1 ; IWANT
3 ; 1342 ; 27600 ; 140604389218048 ; 5 ; -1 ; IWANT
3 ; 1344 ; 27600 ; 140604372432640 ; 1 ; -1 ; IWANT
3 ; 1346 ; 27600 ; 140604355647232 ; 2 ; -1 ; IWANT
3 ; 1337 ; 27600 ; 140604431181568 ; 2 ; -1 ; IWANT
3 ; 1345 ; 27600 ; 140604364039936 ; 3 ; -1 ; IWANT
3 ; 1368 ; 27600 ; 140604171007744 ; 5 ; -1 ; IWANT
3 ; 1367 ; 27600 ; 140604179400448 ; 1 ; -1 ; IWANT
3 ; 1351 ; 27600 ; 140604313683712 ; 5 ; -1 ; IWANT
3 ; 1370 ; 27600 ; 140604154222336 ; 3 ; -1 ; IWANT
3 ; 1350 ; 27600 ; 140604322076416 ; 4 ; -1 ; IWANT
3 ; 1352 ; 27600 ; 140604305291008 ; 3 ; -1 ; IWANT
3 ; 1341 ; 27600 ; 140604397610752 ; 5 ; -1 ; IWANT
3 ; 1340 ; 27600 ; 140604406003456 ; 4 ; -1 ; IWANT
3 ; 1334 ; 27600 ; 140604456359680 ; 2 ; -1 ; IWANT
3 ; 1333 ; 27600 ; 140604464752384 ; 3 ; -1 ; IWANT
3 ; 1332 ; 27600 ; 140604473145088 ; 3 ; -1 ; IWANT
3 ; 1331 ; 27600 ; 140604481537792 ; 5 ; -1 ; IWANT
3 ; 1335 ; 27600 ; 140604447966976 ; 5 ; -1 ; IWANT
3 ; 1369 ; 27600 ; 140604162615040 ; 4 ; -1 ; IWANT
3 ; 1371 ; 27600 ; 140604145829632 ; 2 ; -1 ; IWANT
3 ; 1372 ; 27600 ; 140604137436928 ; 4 ; -1 ; IWANT
3 ; 1374 ; 27600 ; 140604120651520 ; 3 ; -1 ; IWANT
3 ; 1373 ; 27600 ; 140604129044224 ; 1 ; -1 ; IWANT
3 ; 1383 ; 27600 ; 140604045117184 ; 3 ; -1 ; IWANT
3 ; 1375 ; 27600 ; 140604112258816 ; 1 ; -1 ; IWANT
3 ; 1376 ; 27600 ; 140604103866112 ; 5 ; -1 ; IWANT
3 ; 1377 ; 27600 ; 140604095473408 ; 1 ; -1 ; IWANT
3 ; 1378 ; 27600 ; 140604087080704 ; 5 ; -1 ; IWANT
3 ; 1386 ; 27600 ; 140604019939072 ; 1 ; -1 ; IWANT
3 ; 1381 ; 27600 ; 140604061902592 ; 4 ; -1 ; IWANT
3 ; 1379 ; 27600 ; 140604078688000 ; 3 ; -1 ; IWANT
3 ; 57 ; 27600 ; 140615173842688 ; 5 ; 1 ; IAMIN
3 ; 1380 ; 27600 ; 140604070295296 ; 2 ; -1 ; IWANT
3 ; 1388 ; 27600 ; 140604003153664 ; 1 ; -1 ; IWANT
3 ; 1387 ; 27600 ; 140604011546368 ; 4 ; -1 ; IWANT
3 ; 1382 ; 27600 ; 140604053509888 ; 1 ; -1 ; IWANT
3 ; 1385 ; 27600 ; 140604028331776 ; 3 ; -1 ; IWANT
3 ; 1390 ; 27600 ; 140603986368256 ; 4 ; -1 ; IWANT
3 ; 1389 ; 27600 ; 140603994760960 ; 5 ; -1 ; IWANT
3 ; 1393 ; 27600 ; 140603961190144 ; 4 ; -1 ; IWANT
3 ; 1391 ; 27600 ; 140603977975552 ; 3 ; -1 ; IWANT
3 ; 1392 ; 27600 ; 140603969582848 ; 5 ; -1 ; IWANT
3 ; 1394 ; 27600 ; 140603952797440 ; 3 ; -1 ; IWANT
3 ; 1395 ; 27600 ; 140603944404736 ; 4 ; -1 ; IWANT
3 ; 58 ; 27600 ; 140615165449984 ; 1 ; 3 ; IAMIN
3 ; 1396 ; 27600 ; 140603936012032 ; 4 ; -1 ; IWANT
3 ; 1400 ; 27600 ; 140603902441216 ; 2 ; -1 ; IWANT
3 ; 1403 ; 27600 ; 140603877263104 ; 2 ; -1 ; IWANT
3 ; 1401 ; 27600 ; 140603894048512 ; 3 ; -1 ; IWANT
3 ; 1405 ; 27600 ; 140603860477696 ; 3 ; -1 ; IWANT
3 ; 1384 ; 27600 ; 140604036724480 ; 3 ; -1 ; IWANT
3 ; 1406 ; 27600 ; 140603852084992 ; 3 ; -1 ; IWANT
3 ; 1412 ; 27600 ; 140603801728768 ; 5 ; -1 ; IWANT
3 ; 1404 ; 27600 ; 140603868870400 ; 3 ; -1 ; IWANT
3 ; 1416 ; 27600 ; 140603768157952 ; 2 ; -1 ; IWANT
3 ; 1419 ; 27600 ; 140603742979840 ; 2 ; -1 ; IWANT
3 ; 1420 ; 27600 ; 140603734587136 ; 3 ; -1 ; IWANT
3 ; 1417 ; 27600 ; 140603759765248 ; 3 ; -1 ; IWANT
3 ; 1410 ; 27600 ; 140603818514176 ; 1 ; -1 ; IWANT
3 ; 1409 ; 27600 ; 140603826906880 ; 3 ; -1 ; IWANT
3 ; 1397 ; 27600 ; 140603927619328 ; 4 ; -1 ; IWANT
3 ; 1418 ; 27600 ; 140603751372544 ; 2 ; -1 ; IWANT
3 ; 1408 ; 27600 ; 140603835299584 ; 2 ; -1 ; IWANT
3 ; 1398 ; 27600 ; 140603919226624 ; 4 ; -1 ; IWANT
3 ; 1407 ; 27600 ; 140603843692288 ; 5 ; -1 ; IWANT
3 ; 1413 ; 27600 ; 140603793336064 ; 4 ; -1 ; IWANT
3 ; 1414 ; 27600 ; 140603784943360 ; 4 ; -1 ; IWANT
3 ; 1399 ; 27600 ; 140603910833920 ; 5 ; -1 ; IWANT
3 ; 1402 ; 27600 ; 140603885655808 ; 4 ; -1 ; IWANT
3 ; 1421 ; 27600 ; 140603726194432 ; 4 ; -1 ; IWANT
3 ; 1423 ; 27600 ; 140603709409024 ; 2 ; -1 ; IWANT
3 ; 1428 ; 27600 ; 140603667445504 ; 2 ; -1 ; IWANT
3 ; 1411 ; 27600 ; 140603810121472 ; 4 ; -1 ; IWANT
3 ; 1429 ; 27600 ; 140603659052800 ; 3 ; -1 ; IWANT
3 ; 1437 ; 27600 ; 140603591911168 ; 2 ; -1 ; IWANT
3 ; 1432 ; 27600 ; 140603633874688 ; 2 ; -1 ; IWANT
3 ; 59 ; 27600 ; 140615157057280 ; 4 ; 2 ; IAMIN
3 ; 1433 ; 27600 ; 140603625481984 ; 1 ; -1 ; IWANT
3 ; 1424 ; 27600 ; 140603701016320 ; 3 ; -1 ; IWANT
3 ; 1425 ; 27600 ; 140603692623616 ; 5 ; -1 ; IWANT
3 ; 1426 ; 27600 ; 140603684230912 ; 5 ; -1 ; IWANT
3 ; 1442 ; 27600 ; 140603549947648 ; 5 ; -1 ; IWANT
3 ; 60 ; 27600 ; 140615148664576 ; 1 ; 3 ; IAMIN
3 ; 61 ; 27600 ; 140615140271872 ; 2 ; 4 ; IAMIN
3 ; 1415 ; 27600 ; 140603776550656 ; 4 ; -1 ; IWANT
3 ; 1427 ; 27600 ; 140603675838208 ; 3 ; -1 ; IWANT
3 ; 1440 ; 27600 ; 140603566733056 ; 1 ; -1 ; IWANT
3 ; 1441 ; 27600 ; 140603558340352 ; 2 ; -1 ; IWANT
3 ; 1444 ; 27600 ; 140603533162240 ; 1 ; -1 ; IWANT
3 ; 1430 ; 27600 ; 140603650660096 ; 2 ; -1 ; IWANT
3 ; 1434 ; 27600 ; 140603617089280 ; 2 ; -1 ; IWANT
3 ; 1449 ; 27600 ; 140603491198720 ; 5 ; -1 ; IWANT
3 ; 1431 ; 27600 ; 140603642267392 ; 2 ; -1 ; IWANT
3 ; 1422 ; 27600 ; 140603717801728 ; 2 ; -1 ; IWANT
3 ; 1445 ; 27600 ; 140603524769536 ; 1 ; -1 ; IWANT
3 ; 1446 ; 27600 ; 140603516376832 ; 2 ; -1 ; IWANT
3 ; 1447 ; 27600 ; 140603507984128 ; 3 ; -1 ; IWANT
3 ; 1448 ; 27600 ; 140603499591424 ; 1 ; -1 ; IWANT
3 ; 1436 ; 27600 ; 140603600303872 ; 1 ; -1 ; IWANT
3 ; 1435 ; 27600 ; 140603608696576 ; 3 ; -1 ; IWANT
3 ; 1450 ; 27600 ; 140603482806016 ; 1 ; -1 ; IWANT
3 ; 1438 ; 27600 ; 140603583518464 ; 3 ; -1 ; IWANT
3 ; 1439 ; 27600 ; 140603575125760 ; 1 ; -1 ; IWANT
3 ; 1451 ; 27600 ; 140603474413312 ; 1 ; -1 ; IWANT
3 ; 1443 ; 27600 ; 140603541554944 ; 1 ; -1 ; IWANT
3 ; 1452 ; 27600 ; 140603466020608 ; 3 ; -1 ; IWANT
3 ; 1453 ; 27600 ; 140603457627904 ; 4 ; -1 ; IWANT
3 ; 1455 ; 27600 ; 140603440842496 ; 3 ; -1 ; IWANT
3 ; 62 ; 27600 ; 140615131879168 ; 5 ; 0 ; IAMIN
3 ; 1454 ; 27600 ; 140603449235200 ; 4 ; -1 ; IWANT
3 ; 1462 ; 27600 ; 140603382093568 ; 1 ; -1 ; IWANT
3 ; 1463 ; 27600 ; 140603373700864 ; 1 ; -1 ; IWANT
3 ; 1464 ; 27600 ; 140603365308160 ; 3 ; -1 ; IWANT
3 ; 1457 ; 27600 ; 140603424057088 ; 5 ; -1 ; IWANT
3 ; 1456 ; 27600 ; 140603432449792 ; 2 ; -1 ; IWANT
3 ; 1458 ; 27600 ; 140603415664384 ; 2 ; -1 ; IWANT
3 ; 1459 ; 27600 ; 140603407271680 ; 4 ; -1 ; IWANT
3 ; 63 ; 27600 ; 140615123486464 ; 4 ; 3 ; IAMIN
3 ; 1470 ; 27600 ; 140603314951936 ; 1 ; -1 ; IWANT
3 ; 1460 ; 27600 ; 140603398878976 ; 5 ; -1 ; IWANT
3 ; 1461 ; 27600 ; 140603390486272 ; 3 ; -1 ; IWANT
3 ; 1465 ; 27600 ; 140603356915456 ; 1 ; -1 ; IWANT
3 ; 1467 ; 27600 ; 140603340130048 ; 3 ; -1 ; IWANT
3 ; 1466 ; 27600 ; 140603348522752 ; 4 ; -1 ; IWANT
3 ; 1468 ; 27600 ; 140603331737344 ; 5 ; -1 ; IWANT
3 ; 1469 ; 27600 ; 140603323344640 ; 4 ; -1 ; IWANT
3 ; 1471 ; 27600 ; 140603306559232 ; 5 ; -1 ; IWANT
3 ; 1473 ; 27600 ; 140603289773824 ; 2 ; -1 ; IWANT
3 ; 1472 ; 27600 ; 140603298166528 ; 5 ; -1 ; IWANT
3 ; 1544 ; 27600 ; 140602693891840 ; 4 ; -1 ; IWANT
3 ; 1480 ; 27600 ; 140603231024896 ; 4 ; -1 ; IWANT
3 ; 1481 ; 27600 ; 140603222632192 ; 3 ; -1 ; IWANT
3 ; 1482 ; 27600 ; 140603214239488 ; 2 ; -1 ; IWANT
3 ; 1474 ; 27600 ; 140603281381120 ; 1 ; -1 ; IWANT
3 ; 1475 ; 27600 ; 140603272988416 ; 2 ; -1 ; IWANT
3 ; 1476 ; 27600 ; 140603264595712 ; 4 ; -1 ; IWANT
3 ; 1479 ; 27600 ; 140603239417600 ; 1 ; -1 ; IWANT
3 ; 1483 ; 27600 ; 140603205846784 ; 3 ; -1 ; IWANT
3 ; 1477 ; 27600 ; 140603256203008 ; 4 ; -1 ; IWANT
3 ; 1478 ; 27600 ; 140603247810304 ; 5 ; -1 ; IWANT
3 ; 1484 ; 27600 ; 140603197454080 ; 1 ; -1 ; IWANT
3 ; 1557 ; 27600 ; 140602584786688 ; 1 ; -1 ; IWANT
3 ; 1490 ; 27600 ; 140603147097856 ; 5 ; -1 ; IWANT
3 ; 1491 ; 27600 ; 140603138705152 ; 3 ; -1 ; IWANT
3 ; 1485 ; 27600 ; 140603189061376 ; 5 ; -1 ; IWANT
3 ; 1486 ; 27600 ; 140603180668672 ; 1 ; -1 ; IWANT
3 ; 1487 ; 27600 ; 140603172275968 ; 5 ; -1 ; IWANT
3 ; 1488 ; 27600 ; 140603163883264 ; 4 ; -1 ; IWANT
3 ; 1489 ; 27600 ; 140603155490560 ; 2 ; -1 ; IWANT
3 ; 1492 ; 27600 ; 140603130312448 ; 5 ; -1 ; IWANT
3 ; 1493 ; 27600 ; 140603121919744 ; 3 ; -1 ; IWANT
3 ; 1494 ; 27600 ; 140603113527040 ; 4 ; -1 ; IWANT
3 ; 1495 ; 27600 ; 140603105134336 ; 2 ; -1 ; IWANT
3 ; 64 ; 27600 ; 140615115093760 ; 1 ; 4 ; IAMIN
3 ; 1496 ; 27600 ; 140603096741632 ; 5 ; -1 ; IWANT
3 ; 1497 ; 27600 ; 140603088348928 ; 4 ; -1 ; IWANT
3 ; 1498 ; 27600 ; 140603079956224 ; 1 ; -1 ; IWANT
3 ; 1499 ; 27600 ; 140603071563520 ; 1 ; -1 ; IWANT
3 ; 1501 ; 27600 ; 140603054778112 ; 4 ; -1 ; IWANT
3 ; 1500 ; 27600 ; 140603063170816 ; 1 ; -1 ; IWANT
3 ; 1503 ; 27600 ; 140603037992704 ; 2 ; -1 ; IWANT
3 ; 1504 ; 27600 ; 140603029600000 ; 4 ; -1 ; IWANT
3 ; 1506 ; 27600 ; 140603012814592 ; 4 ; -1 ; IWANT
3 ; 1507 ; 27600 ; 140603004421888 ; 4 ; -1 ; IWANT
3 ; 1508 ; 27600 ; 140602996029184 ; 2 ; -1 ; IWANT
3 ; 1502 ; 27600 ; 140603046385408 ; 4 ; -1 ; IWANT
3 ; 1505 ; 27600 ; 140603021207296 ; 2 ; -1 ; IWANT
3 ; 1510 ; 27600 ; 140602979243776 ; 3 ; -1 ; IWANT
3 ; 1509 ; 27600 ; 140602987636480 ; 4 ; -1 ; IWANT
3 ; 1511 ; 27600 ; 140602970851072 ; 5 ; -1 ; IWANT
3 ; 1512 ; 27600 ; 140602962458368 ; 5 ; -1 ; IWANT
3 ; 1513 ; 27600 ; 140602954065664 ; 3 ; -1 ; IWANT
3 ; 1516 ; 27600 ; 140602928887552 ; 3 ; -1 ; IWANT
3 ; 1515 ; 27600 ; 140602937280256 ; 3 ; -1 ; IWANT
3 ; 1517 ; 27600 ; 140602920494848 ; 4 ; -1 ; IWANT
3 ; 1514 ; 27600 ; 140602945672960 ; 5 ; -1 ; IWANT
3 ; 1519 ; 27600 ; 140602903709440 ; 2 ; -1 ; IWANT
3 ; 1518 ; 27600 ; 140602912102144 ; 2 ; -1 ; IWANT
3 ; 1520 ; 27600 ; 140602895316736 ; 1 ; -1 ; IWANT
3 ; 1522 ; 27600 ; 140602878531328 ; 5 ; -1 ; IWANT
3 ; 1525 ; 27600 ; 140602853353216 ; 3 ; -1 ; IWANT
3 ; 1529 ; 27600 ; 140602819782400 ; 2 ; -1 ; IWANT
3 ; 1530 ; 27600 ; 140602811389696 ; 4 ; -1 ; IWANT
3 ; 1528 ; 27600 ; 140602828175104 ; 1 ; -1 ; IWANT
3 ; 1531 ; 27600 ; 140602802996992 ; 3 ; -1 ; IWANT
3 ; 1532 ; 27600 ; 140602794604288 ; 1 ; -1 ; IWANT
3 ; 1533 ; 27600 ; 140602786211584 ; 1 ; -1 ; IWANT
3 ; 1534 ; 27600 ; 140602777818880 ; 5 ; -1 ; IWANT
3 ; 1535 ; 27600 ; 140602769426176 ; 3 ; -1 ; IWANT
3 ; 1536 ; 27600 ; 140602761033472 ; 5 ; -1 ; IWANT
3 ; 1523 ; 27600 ; 140602870138624 ; 4 ; -1 ; IWANT
3 ; 1537 ; 27600 ; 140602752640768 ; 2 ; -1 ; IWANT
3 ; 1521 ; 27600 ; 140602886924032 ; 1 ; -1 ; IWANT
3 ; 1539 ; 27600 ; 140602735855360 ; 3 ; -1 ; IWANT
3 ; 1524 ; 27600 ; 140602861745920 ; 5 ; -1 ; IWANT
3 ; 1526 ; 27600 ; 140602844960512 ; 1 ; -1 ; IWANT
3 ; 1538 ; 27600 ; 140602744248064 ; 5 ; -1 ; IWANT
3 ; 1527 ; 27600 ; 140602836567808 ; 2 ; -1 ; IWANT
3 ; 1540 ; 27600 ; 140602727462656 ; 1 ; -1 ; IWANT
3 ; 1541 ; 27600 ; 140602719069952 ; 5 ; -1 ; IWANT
3 ; 1542 ; 27600 ; 140602710677248 ; 3 ; -1 ; IWANT
3 ; 1543 ; 27600 ; 140602702284544 ; 2 ; -1 ; IWANT
3 ; 1545 ; 27600 ; 140602685499136 ; 4 ; -1 ; IWANT
3 ; 1546 ; 27600 ; 140602677106432 ; 5 ; -1 ; IWANT
3 ; 1547 ; 27600 ; 140602668713728 ; 4 ; -1 ; IWANT
3 ; 1549 ; 27600 ; 140602651928320 ; 3 ; -1 ; IWANT
3 ; 1560 ; 27600 ; 140602559608576 ; 1 ; -1 ; IWANT
3 ; 1565 ; 27600 ; 140602517645056 ; 2 ; -1 ; IWANT
3 ; 1570 ; 27600 ; 140602475681536 ; 4 ; -1 ; IWANT
3 ; 1578 ; 27600 ; 140602408539904 ; 4 ; -1 ; IWANT
3 ; 1580 ; 27600 ; 140602391754496 ; 4 ; -1 ; IWANT
3 ; 65 ; 27600 ; 140615106701056 ; 5 ; 4 ; IAMIN
3 ; 1587 ; 27600 ; 140602333005568 ; 3 ; -1 ; IWANT
3 ; 1586 ; 27600 ; 140602341398272 ; 5 ; -1 ; IWANT
3 ; 1589 ; 27600 ; 140602316220160 ; 4 ; -1 ; IWANT
3 ; 1548 ; 27600 ; 140602660321024 ; 5 ; -1 ; IWANT
3 ; 1550 ; 27600 ; 140602643535616 ; 5 ; -1 ; IWANT
3 ; 1551 ; 27600 ; 140602635142912 ; 4 ; -1 ; IWANT
3 ; 1552 ; 27600 ; 140602626750208 ; 5 ; -1 ; IWANT
3 ; 1553 ; 27600 ; 140602618357504 ; 4 ; -1 ; IWANT
3 ; 1554 ; 27600 ; 140602609964800 ; 1 ; -1 ; IWANT
3 ; 1561 ; 27600 ; 140602551215872 ; 1 ; -1 ; IWANT
3 ; 1564 ; 27600 ; 140602526037760 ; 1 ; -1 ; IWANT
3 ; 1568 ; 27600 ; 140602492466944 ; 2 ; -1 ; IWANT
3 ; 1590 ; 27600 ; 140602307827456 ; 4 ; -1 ; IWANT
3 ; 1591 ; 27600 ; 140602299434752 ; 3 ; -1 ; IWANT
4 ; 1555 ; 27600 ; 140602601572096 ; 1 ; -1 ; IWANT
4 ; 1556 ; 27600 ; 140602593179392 ; 3 ; -1 ; IWANT
4 ; 1558 ; 27600 ; 140602576393984 ; 4 ; -1 ; IWANT
4 ; 1569 ; 27600 ; 140602484074240 ; 3 ; -1 ; IWANT
4 ; 1559 ; 27600 ; 140602568001280 ; 5 ; -1 ; IWANT
4 ; 1573 ; 27600 ; 140602450503424 ; 5 ; -1 ; IWANT
4 ; 1574 ; 27600 ; 140602442110720 ; 2 ; -1 ; IWANT
4 ; 1575 ; 27600 ; 140602433718016 ; 3 ; -1 ; IWANT
4 ; 1592 ; 27600 ; 140602291042048 ; 3 ; -1 ; IWANT
4 ; 1576 ; 27600 ; 140602425325312 ; 1 ; -1 ; IWANT
4 ; 1593 ; 27600 ; 140602282649344 ; 3 ; -1 ; IWANT
4 ; 1594 ; 27600 ; 140602274256640 ; 2 ; -1 ; IWANT
4 ; 66 ; 27600 ; 140615098308352 ; 4 ; 1 ; IAMIN
4 ; 1562 ; 27600 ; 140602542823168 ; 4 ; -1 ; IWANT
4 ; 67 ; 27600 ; 140615089915648 ; 5 ; 2 ; IAMIN
4 ; 1563 ; 27600 ; 140602534430464 ; 1 ; -1 ; IWANT
4 ; 1577 ; 27600 ; 140602416932608 ; 2 ; -1 ; IWANT
4 ; 1566 ; 27600 ; 140602509252352 ; 2 ; -1 ; IWANT
4 ; 1567 ; 27600 ; 140602500859648 ; 4 ; -1 ; IWANT
4 ; 1655 ; 27600 ; 140601762301696 ; 4 ; -1 ; IWANT
4 ; 1571 ; 27600 ; 140602467288832 ; 1 ; -1 ; IWANT
4 ; 1572 ; 27600 ; 140602458896128 ; 3 ; -1 ; IWANT
4 ; 1582 ; 27600 ; 140602374969088 ; 3 ; -1 ; IWANT
4 ; 1583 ; 27600 ; 140602366576384 ; 2 ; -1 ; IWANT
4 ; 1579 ; 27600 ; 140602400147200 ; 3 ; -1 ; IWANT
4 ; 1581 ; 27600 ; 140602383361792 ; 5 ; -1 ; IWANT
4 ; 1584 ; 27600 ; 140602358183680 ; 3 ; -1 ; IWANT
4 ; 1588 ; 27600 ; 140602324612864 ; 1 ; -1 ; IWANT
4 ; 1585 ; 27600 ; 140602349790976 ; 2 ; -1 ; IWANT
4 ; 68 ; 27600 ; 140615081522944 ; 2 ; 3 ; IAMIN
4 ; 1596 ; 27600 ; 140602257471232 ; 3 ; -1 ; IWANT
4 ; 1597 ; 27600 ; 140602249078528 ; 2 ; -1 ; IWANT
4 ; 1610 ; 27600 ; 140602139973376 ; 5 ; -1 ; IWANT
4 ; 69 ; 27600 ; 140615073130240 ; 1 ; 0 ; IAMIN
4 ; 1614 ; 27600 ; 140602106402560 ; 5 ; -1 ; IWANT
4 ; 1620 ; 27600 ; 140602056046336 ; 4 ; -1 ; IWANT
4 ; 1595 ; 27600 ; 140602265863936 ; 4 ; -1 ; IWANT
4 ; 1627 ; 27600 ; 140601997297408 ; 3 ; -1 ; IWANT
4 ; 1626 ; 27600 ; 140602005690112 ; 5 ; -1 ; IWANT
4 ; 1630 ; 27600 ; 140601972119296 ; 5 ; -1 ; IWANT
4 ; 1641 ; 27600 ; 140601879799552 ; 4 ; -1 ; IWANT
4 ; 1642 ; 27600 ; 140601871406848 ; 5 ; -1 ; IWANT
4 ; 1598 ; 27600 ; 140602240685824 ; 2 ; -1 ; IWANT
4 ; 1643 ; 27600 ; 140601863014144 ; 4 ; -1 ; IWANT
4 ; 1656 ; 27600 ; 140601753908992 ; 2 ; -1 ; IWANT
4 ; 1648 ; 27600 ; 140601821050624 ; 1 ; -1 ; IWANT
4 ; 1644 ; 27600 ; 140601854621440 ; 5 ; -1 ; IWANT
4 ; 1650 ; 27600 ; 140601804265216 ; 2 ; -1 ; IWANT
4 ; 1645 ; 27600 ; 140601846228736 ; 4 ; -1 ; IWANT
4 ; 1651 ; 27600 ; 140601795872512 ; 1 ; -1 ; IWANT
4 ; 1600 ; 27600 ; 140602223900416 ; 2 ; -1 ; IWANT
4 ; 1646 ; 27600 ; 140601837836032 ; 2 ; -1 ; IWANT
4 ; 1653 ; 27600 ; 140601779087104 ; 1 ; -1 ; IWANT
4 ; 1647 ; 27600 ; 140601829443328 ; 2 ; -1 ; IWANT
4 ; 1649 ; 27600 ; 140601812657920 ; 5 ; -1 ; IWANT
4 ; 70 ; 27600 ; 140615064737536 ; 3 ; 0 ; IAMIN
4 ; 1652 ; 27600 ; 140601787479808 ; 4 ; -1 ; IWANT
4 ; 1654 ; 27600 ; 140601770694400 ; 2 ; -1 ; IWANT
4 ; 1599 ; 27600 ; 140602232293120 ; 4 ; -1 ; IWANT
4 ; 1602 ; 27600 ; 140602207115008 ; 1 ; -1 ; IWANT
4 ; 1601 ; 27600 ; 140602215507712 ; 4 ; -1 ; IWANT
4 ; 1664 ; 27600 ; 140601686767360 ; 1 ; -1 ; IWANT
4 ; 1657 ; 27600 ; 140601745516288 ; 4 ; -1 ; IWANT
4 ; 1658 ; 27600 ; 140601737123584 ; 1 ; -1 ; IWANT
4 ; 71 ; 27600 ; 140615056344832 ; 1 ; 3 ; IAMIN
4 ; 1659 ; 27600 ; 140601728730880 ; 2 ; -1 ; IWANT
4 ; 1603 ; 27600 ; 140602198722304 ; 3 ; -1 ; IWANT
4 ; 1660 ; 27600 ; 140601720338176 ; 2 ; -1 ; IWANT
4 ; 1607 ; 27600 ; 140602165151488 ; 1 ; -1 ; IWANT
4 ; 1606 ; 27600 ; 140602173544192 ; 3 ; -1 ; IWANT
4 ; 1608 ; 27600 ; 140602156758784 ; 2 ; -1 ; IWANT
4 ; 1609 ; 27600 ; 140602148366080 ; 1 ; -1 ; IWANT
4 ; 1611 ; 27600 ; 140602131580672 ; 3 ; -1 ; IWANT
4 ; 1613 ; 27600 ; 140602114795264 ; 1 ; -1 ; IWANT
4 ; 1612 ; 27600 ; 140602123187968 ; 5 ; -1 ; IWANT
4 ; 1615 ; 27600 ; 140602098009856 ; 4 ; -1 ; IWANT
4 ; 1661 ; 27600 ; 140601711945472 ; 1 ; -1 ; IWANT
4 ; 1662 ; 27600 ; 140601703552768 ; 2 ; -1 ; IWANT
4 ; 1663 ; 27600 ; 140601695160064 ; 2 ; -1 ; IWANT
4 ; 1665 ; 27600 ; 140601678374656 ; 2 ; -1 ; IWANT
4 ; 1666 ; 27600 ; 140601669981952 ; 3 ; -1 ; IWANT
4 ; 1605 ; 27600 ; 140602181936896 ; 3 ; -1 ; IWANT
4 ; 1668 ; 27600 ; 140601653196544 ; 5 ; -1 ; IWANT
4 ; 1667 ; 27600 ; 140601661589248 ; 1 ; -1 ; IWANT
4 ; 1616 ; 27600 ; 140602089617152 ; 1 ; -1 ; IWANT
4 ; 1604 ; 27600 ; 140602190329600 ; 2 ; -1 ; IWANT
4 ; 1671 ; 27600 ; 140601628018432 ; 5 ; -1 ; IWANT
4 ; 1617 ; 27600 ; 140602081224448 ; 2 ; -1 ; IWANT
4 ; 1618 ; 27600 ; 140602072831744 ; 5 ; -1 ; IWANT
4 ; 1669 ; 27600 ; 140601644803840 ; 1 ; -1 ; IWANT
4 ; 1670 ; 27600 ; 140601636411136 ; 2 ; -1 ; IWANT
4 ; 1682 ; 27600 ; 140601535698688 ; 2 ; -1 ; IWANT
4 ; 1672 ; 27600 ; 140601619625728 ; 1 ; -1 ; IWANT
4 ; 1673 ; 27600 ; 140601611233024 ; 5 ; -1 ; IWANT
4 ; 1674 ; 27600 ; 140601602840320 ; 5 ; -1 ; IWANT
4 ; 1619 ; 27600 ; 140602064439040 ; 1 ; -1 ; IWANT
4 ; 1675 ; 27600 ; 140601594447616 ; 3 ; -1 ; IWANT
4 ; 1676 ; 27600 ; 140601586054912 ; 4 ; -1 ; IWANT
4 ; 1677 ; 27600 ; 140601577662208 ; 3 ; -1 ; IWANT
4 ; 1678 ; 27600 ; 140601569269504 ; 1 ; -1 ; IWANT
4 ; 1679 ; 27600 ; 140601560876800 ; 1 ; -1 ; IWANT
4 ; 1621 ; 27600 ; 140602047653632 ; 5 ; -1 ; IWANT
4 ; 1622 ; 27600 ; 140602039260928 ; 1 ; -1 ; IWANT
4 ; 1680 ; 27600 ; 140601552484096 ; 3 ; -1 ; IWANT
4 ; 1692 ; 27600 ; 140601451771648 ; 2 ; -1 ; IWANT
4 ; 1623 ; 27600 ; 140602030868224 ; 3 ; -1 ; IWANT
4 ; 1624 ; 27600 ; 140602022475520 ; 4 ; -1 ; IWANT
4 ; 1625 ; 27600 ; 140602014082816 ; 2 ; -1 ; IWANT
4 ; 72 ; 27600 ; 140615047952128 ; 2 ; 1 ; IAMIN
4 ; 1683 ; 27600 ; 140601527305984 ; 4 ; -1 ; IWANT
4 ; 1684 ; 27600 ; 140601518913280 ; 2 ; -1 ; IWANT
4 ; 1681 ; 27600 ; 140601544091392 ; 3 ; -1 ; IWANT
4 ; 1693 ; 27600 ; 140601443378944 ; 3 ; -1 ; IWANT
4 ; 1694 ; 27600 ; 140601434986240 ; 4 ; -1 ; IWANT
4 ; 1695 ; 27600 ; 140601426593536 ; 5 ; -1 ; IWANT
4 ; 1696 ; 27600 ; 140601418200832 ; 3 ; -1 ; IWANT
4 ; 1697 ; 27600 ; 140601409808128 ; 4 ; -1 ; IWANT
4 ; 1698 ; 27600 ; 140601401415424 ; 3 ; -1 ; IWANT
4 ; 1628 ; 27600 ; 140601988904704 ; 3 ; -1 ; IWANT
4 ; 1699 ; 27600 ; 140601393022720 ; 2 ; -1 ; IWANT
4 ; 1629 ; 27600 ; 140601980512000 ; 2 ; -1 ; IWANT
4 ; 1700 ; 27600 ; 140601384630016 ; 2 ; -1 ; IWANT
4 ; 1701 ; 27600 ; 140601376237312 ; 1 ; -1 ; IWANT
4 ; 1702 ; 27600 ; 140601367844608 ; 5 ; -1 ; IWANT
4 ; 1703 ; 27600 ; 140601359451904 ; 2 ; -1 ; IWANT
4 ; 1689 ; 27600 ; 140601476949760 ; 2 ; -1 ; IWANT
4 ; 1631 ; 27600 ; 140601963726592 ; 4 ; -1 ; IWANT
4 ; 1632 ; 27600 ; 140601955333888 ; 2 ; -1 ; IWANT
4 ; 1633 ; 27600 ; 140601946941184 ; 1 ; -1 ; IWANT
4 ; 1634 ; 27600 ; 140601938548480 ; 2 ; -1 ; IWANT
4 ; 1635 ; 27600 ; 140601930155776 ; 3 ; -1 ; IWANT
4 ; 1636 ; 27600 ; 140601921763072 ; 4 ; -1 ; IWANT
4 ; 1639 ; 27600 ; 140601896584960 ; 1 ; -1 ; IWANT
4 ; 1637 ; 27600 ; 140601913370368 ; 4 ; -1 ; IWANT
4 ; 1638 ; 27600 ; 140601904977664 ; 4 ; -1 ; IWANT
4 ; 1640 ; 27600 ; 140601888192256 ; 2 ; -1 ; IWANT
4 ; 1690 ; 27600 ; 140601468557056 ; 2 ; -1 ; IWANT
4 ; 73 ; 27600 ; 140615039559424 ; 2 ; 3 ; IAMIN
4 ; 74 ; 27600 ; 140615031166720 ; 1 ; 4 ; IAMIN
4 ; 1803 ; 27600 ; 140600520181504 ; 1 ; -1 ; IWANT
4 ; 1712 ; 27600 ; 140601283917568 ; 4 ; -1 ; IWANT
4 ; 1713 ; 27600 ; 140601275524864 ; 5 ; -1 ; IWANT
4 ; 1719 ; 27600 ; 140601225168640 ; 1 ; -1 ; IWANT
4 ; 1720 ; 27600 ; 140601216775936 ; 5 ; -1 ; IWANT
4 ; 1722 ; 27600 ; 140601199990528 ; 4 ; -1 ; IWANT
4 ; 1686 ; 27600 ; 140601502127872 ; 3 ; -1 ; IWANT
4 ; 1687 ; 27600 ; 140601493735168 ; 5 ; -1 ; IWANT
4 ; 1688 ; 27600 ; 140601485342464 ; 3 ; -1 ; IWANT
4 ; 1691 ; 27600 ; 140601460164352 ; 3 ; -1 ; IWANT
4 ; 1723 ; 27600 ; 140601191597824 ; 5 ; -1 ; IWANT
4 ; 1724 ; 27600 ; 140601183205120 ; 5 ; -1 ; IWANT
4 ; 1725 ; 27600 ; 140601174812416 ; 2 ; -1 ; IWANT
4 ; 1726 ; 27600 ; 140601166419712 ; 2 ; -1 ; IWANT
4 ; 1727 ; 27600 ; 140601158027008 ; 3 ; -1 ; IWANT
4 ; 1728 ; 27600 ; 140601149634304 ; 3 ; -1 ; IWANT
4 ; 1729 ; 27600 ; 140601141241600 ; 4 ; -1 ; IWANT
4 ; 1730 ; 27600 ; 140601132848896 ; 2 ; -1 ; IWANT
4 ; 1731 ; 27600 ; 140601124456192 ; 4 ; -1 ; IWANT
4 ; 1711 ; 27600 ; 140601292310272 ; 3 ; -1 ; IWANT
4 ; 1733 ; 27600 ; 140601107670784 ; 2 ; -1 ; IWANT
4 ; 1732 ; 27600 ; 140601116063488 ; 3 ; -1 ; IWANT
4 ; 1714 ; 27600 ; 140601267132160 ; 3 ; -1 ; IWANT
4 ; 1718 ; 27600 ; 140601233561344 ; 5 ; -1 ; IWANT
4 ; 1685 ; 27600 ; 140601510520576 ; 4 ; -1 ; IWANT
4 ; 1706 ; 27600 ; 140601334273792 ; 1 ; -1 ; IWANT
4 ; 1704 ; 27600 ; 140601351059200 ; 4 ; -1 ; IWANT
4 ; 1708 ; 27600 ; 140601317488384 ; 1 ; -1 ; IWANT
4 ; 1707 ; 27600 ; 140601325881088 ; 1 ; -1 ; IWANT
4 ; 1709 ; 27600 ; 140601309095680 ; 4 ; -1 ; IWANT
4 ; 1705 ; 27600 ; 140601342666496 ; 2 ; -1 ; IWANT
4 ; 1734 ; 27600 ; 140601099278080 ; 3 ; -1 ; IWANT
4 ; 1735 ; 27600 ; 140601090885376 ; 2 ; -1 ; IWANT
4 ; 1738 ; 27600 ; 140601065707264 ; 3 ; -1 ; IWANT
4 ; 1739 ; 27600 ; 140601057314560 ; 3 ; -1 ; IWANT
4 ; 1736 ; 27600 ; 140601082492672 ; 1 ; -1 ; IWANT
4 ; 1737 ; 27600 ; 140601074099968 ; 1 ; -1 ; IWANT
4 ; 1742 ; 27600 ; 140601032136448 ; 2 ; -1 ; IWANT
4 ; 1740 ; 27600 ; 140601048921856 ; 5 ; -1 ; IWANT
4 ; 1741 ; 27600 ; 140601040529152 ; 4 ; -1 ; IWANT
4 ; 1721 ; 27600 ; 140601208383232 ; 1 ; -1 ; IWANT
4 ; 1750 ; 27600 ; 140600964994816 ; 4 ; -1 ; IWANT
4 ; 1751 ; 27600 ; 140600956602112 ; 5 ; -1 ; IWANT
4 ; 1752 ; 27600 ; 140600948209408 ; 3 ; -1 ; IWANT
4 ; 1753 ; 27600 ; 140600939816704 ; 5 ; -1 ; IWANT
4 ; 1754 ; 27600 ; 140600931424000 ; 5 ; -1 ; IWANT
4 ; 1756 ; 27600 ; 140600914638592 ; 2 ; -1 ; IWANT
4 ; 1755 ; 27600 ; 140600923031296 ; 4 ; -1 ; IWANT
4 ; 1757 ; 27600 ; 140600906245888 ; 3 ; -1 ; IWANT
4 ; 1768 ; 27600 ; 140600813926144 ; 1 ; -1 ; IWANT
4 ; 1770 ; 27600 ; 140600797140736 ; 1 ; -1 ; IWANT
4 ; 1760 ; 27600 ; 140600881067776 ; 5 ; -1 ; IWANT
4 ; 1759 ; 27600 ; 140600889460480 ; 5 ; -1 ; IWANT
4 ; 1762 ; 27600 ; 140600864282368 ; 5 ; -1 ; IWANT
4 ; 1763 ; 27600 ; 140600855889664 ; 4 ; -1 ; IWANT
4 ; 1764 ; 27600 ; 140600847496960 ; 5 ; -1 ; IWANT
4 ; 1765 ; 27600 ; 140600839104256 ; 2 ; -1 ; IWANT
4 ; 1766 ; 27600 ; 140600830711552 ; 4 ; -1 ; IWANT
4 ; 1771 ; 27600 ; 140600788748032 ; 5 ; -1 ; IWANT
4 ; 1772 ; 27600 ; 140600780355328 ; 2 ; -1 ; IWANT
4 ; 75 ; 27600 ; 140615022774016 ; 2 ; 2 ; IAMIN
4 ; 76 ; 27600 ; 140615014381312 ; 5 ; 4 ; IAMIN
4 ; 1773 ; 27600 ; 140600771962624 ; 2 ; -1 ; IWANT
4 ; 1774 ; 27600 ; 140600763569920 ; 1 ; -1 ; IWANT
4 ; 1710 ; 27600 ; 140601300702976 ; 4 ; -1 ; IWANT
4 ; 1715 ; 27600 ; 140601258739456 ; 3 ; -1 ; IWANT
4 ; 1716 ; 27600 ; 140601250346752 ; 3 ; -1 ; IWANT
4 ; 1717 ; 27600 ; 140601241954048 ; 3 ; -1 ; IWANT
4 ; 1776 ; 27600 ; 140600746784512 ; 3 ; -1 ; IWANT
4 ; 1778 ; 27600 ; 140600729999104 ; 5 ; -1 ; IWANT
4 ; 1791 ; 27600 ; 140600620893952 ; 2 ; -1 ; IWANT
4 ; 77 ; 27600 ; 140615005988608 ; 1 ; 1 ; IAMIN
4 ; 78 ; 27600 ; 140614997595904 ; 2 ; 0 ; IAMIN
4 ; 1831 ; 27600 ; 140600285185792 ; 2 ; -1 ; IWANT
4 ; 1804 ; 27600 ; 140600511788800 ; 5 ; -1 ; IWANT
4 ; 1767 ; 27600 ; 140600822318848 ; 2 ; -1 ; IWANT
4 ; 1775 ; 27600 ; 140600755177216 ; 3 ; -1 ; IWANT
4 ; 1805 ; 27600 ; 140600503396096 ; 2 ; -1 ; IWANT
4 ; 1794 ; 27600 ; 140600595715840 ; 1 ; -1 ; IWANT
4 ; 1743 ; 27600 ; 140601023743744 ; 4 ; -1 ; IWANT
4 ; 1744 ; 27600 ; 140601015351040 ; 1 ; -1 ; IWANT
4 ; 1745 ; 27600 ; 140601006958336 ; 3 ; -1 ; IWANT
4 ; 1797 ; 27600 ; 140600570537728 ; 4 ; -1 ; IWANT
4 ; 1798 ; 27600 ; 140600562145024 ; 3 ; -1 ; IWANT
4 ; 1800 ; 27600 ; 140600545359616 ; 5 ; -1 ; IWANT
4 ; 1746 ; 27600 ; 140600998565632 ; 1 ; -1 ; IWANT
4 ; 1747 ; 27600 ; 140600990172928 ; 4 ; -1 ; IWANT
4 ; 79 ; 27600 ; 140614989203200 ; 2 ; 3 ; IAMIN
4 ; 1748 ; 27600 ; 140600981780224 ; 4 ; -1 ; IWANT
4 ; 1749 ; 27600 ; 140600973387520 ; 1 ; -1 ; IWANT
4 ; 1777 ; 27600 ; 140600738391808 ; 3 ; -1 ; IWANT
4 ; 1860 ; 27600 ; 140600041797376 ; 3 ; -1 ; IWANT
4 ; 1779 ; 27600 ; 140600721606400 ; 2 ; -1 ; IWANT
4 ; 1758 ; 27600 ; 140600897853184 ; 1 ; -1 ; IWANT
4 ; 1780 ; 27600 ; 140600713213696 ; 2 ; -1 ; IWANT
4 ; 1781 ; 27600 ; 140600704820992 ; 1 ; -1 ; IWANT
4 ; 1782 ; 27600 ; 140600696428288 ; 3 ; -1 ; IWANT
4 ; 1783 ; 27600 ; 140600688035584 ; 4 ; -1 ; IWANT
4 ; 1784 ; 27600 ; 140600679642880 ; 1 ; -1 ; IWANT
4 ; 1785 ; 27600 ; 140600671250176 ; 2 ; -1 ; IWANT
4 ; 1761 ; 27600 ; 140600872675072 ; 3 ; -1 ; IWANT
4 ; 1786 ; 27600 ; 140600662857472 ; 1 ; -1 ; IWANT
4 ; 1787 ; 27600 ; 140600654464768 ; 5 ; -1 ; IWANT
4 ; 1788 ; 27600 ; 140600646072064 ; 2 ; -1 ; IWANT
4 ; 1789 ; 27600 ; 140600637679360 ; 2 ; -1 ; IWANT
4 ; 1790 ; 27600 ; 140600629286656 ; 3 ; -1 ; IWANT
4 ; 1806 ; 27600 ; 140600495003392 ; 5 ; -1 ; IWANT
4 ; 1802 ; 27600 ; 140600528574208 ; 2 ; -1 ; IWANT
4 ; 1795 ; 27600 ; 140600587323136 ; 2 ; -1 ; IWANT
4 ; 1807 ; 27600 ; 140600486610688 ; 3 ; -1 ; IWANT
4 ; 1808 ; 27600 ; 140600478217984 ; 3 ; -1 ; IWANT
4 ; 1809 ; 27600 ; 140600469825280 ; 1 ; -1 ; IWANT
4 ; 1799 ; 27600 ; 140600553752320 ; 5 ; -1 ; IWANT
4 ; 1810 ; 27600 ; 140600461432576 ; 4 ; -1 ; IWANT
4 ; 1801 ; 27600 ; 140600536966912 ; 5 ; -1 ; IWANT
4 ; 1811 ; 27600 ; 140600453039872 ; 2 ; -1 ; IWANT
4 ; 1812 ; 27600 ; 140600444647168 ; 1 ; -1 ; IWANT
4 ; 1813 ; 27600 ; 140600436254464 ; 5 ; -1 ; IWANT
4 ; 1769 ; 27600 ; 140600805533440 ; 1 ; -1 ; IWANT
4 ; 1814 ; 27600 ; 140600427861760 ; 1 ; -1 ; IWANT
4 ; 1815 ; 27600 ; 140600419469056 ; 2 ; -1 ; IWANT
4 ; 1816 ; 27600 ; 140600411076352 ; 5 ; -1 ; IWANT
4 ; 1817 ; 27600 ; 140600402683648 ; 5 ; -1 ; IWANT
4 ; 1818 ; 27600 ; 140600394290944 ; 5 ; -1 ; IWANT
4 ; 80 ; 27600 ; 140614980810496 ; 1 ; 1 ; IAMIN
4 ; 1819 ; 27600 ; 140600385898240 ; 2 ; -1 ; IWANT
4 ; 1820 ; 27600 ; 140600377505536 ; 3 ; -1 ; IWANT
4 ; 1792 ; 27600 ; 140600612501248 ; 2 ; -1 ; IWANT
4 ; 1793 ; 27600 ; 140600604108544 ; 1 ; -1 ; IWANT
4 ; 1796 ; 27600 ; 140600578930432 ; 3 ; -1 ; IWANT
4 ; 1821 ; 27600 ; 140600369112832 ; 3 ; -1 ; IWANT
4 ; 1822 ; 27600 ; 140600360720128 ; 3 ; -1 ; IWANT
4 ; 81 ; 27600 ; 140614972417792 ; 4 ; 2 ; IAMIN
4 ; 1834 ; 27600 ; 140600260007680 ; 5 ; -1 ; IWANT
4 ; 1823 ; 27600 ; 140600352327424 ; 3 ; -1 ; IWANT
4 ; 1837 ; 27600 ; 140600234829568 ; 4 ; -1 ; IWANT
4 ; 1838 ; 27600 ; 140600226436864 ; 3 ; -1 ; IWANT
4 ; 1839 ; 27600 ; 140600218044160 ; 1 ; -1 ; IWANT
4 ; 1841 ; 27600 ; 140600201258752 ; 1 ; -1 ; IWANT
4 ; 1842 ; 27600 ; 140600192866048 ; 4 ; -1 ; IWANT
4 ; 1824 ; 27600 ; 140600343934720 ; 2 ; -1 ; IWANT
4 ; 1829 ; 27600 ; 140600301971200 ; 5 ; -1 ; IWANT
4 ; 1830 ; 27600 ; 140600293578496 ; 3 ; -1 ; IWANT
4 ; 1843 ; 27600 ; 140600184473344 ; 4 ; -1 ; IWANT
4 ; 1825 ; 27600 ; 140600335542